Using pre-set license
Built from '2021.1/release' branch; Version is '2021.1.4f1 (4cd64a618c1b) revision 5035594'; Using compiler version '192528614'; Build Type 'Release'
OS: 'Windows 10 Home; OS build 19042.1110; Version 2009; 64bit' Language: 'en' Physical Memory: 16267 MB
BatchMode: 1, IsHumanControllingUs: 0, StartBugReporterOnCrash: 0, Is64bit: 1, IsPro: 0

 COMMAND LINE ARGUMENTS:
C:\Program Files\Unity\2021.1.4f1\Editor\Unity.exe
-adb2
-batchMode
-noUpm
-name
AssetImportWorker2
-projectPath
Z:/Unity Projects/WhereIsMyBread
-logFile
Logs/AssetImportWorker2.log
-srvPort
51178
Successfully changed project path to: Z:/Unity Projects/WhereIsMyBread
Z:/Unity Projects/WhereIsMyBread
Using Asset Import Pipeline V2.
Refreshing native plugins compatible for Editor in 222.78 ms, found 1 plugins.
Preloading 0 native plugins for Editor in 0.00 ms.
Initialize engine version: 2021.1.4f1 (4cd64a618c1b)
[Subsystems] Discovering subsystems at path C:/Program Files/Unity/2021.1.4f1/Editor/Data/Resources/UnitySubsystems
[Subsystems] Discovering subsystems at path Z:/Unity Projects/WhereIsMyBread/Assets
GfxDevice: creating device client; threaded=0; jobified=0
Direct3D:
    Version:  Direct3D 11.0 [level 11.1]
    Renderer: NVIDIA GeForce GTX 980 Ti (ID=0x17c8)
    Vendor:   NVIDIA
    VRAM:     6097 MB
    Driver:   27.21.14.6109
Initialize mono
Mono path[0] = 'C:/Program Files/Unity/2021.1.4f1/Editor/Data/Managed'
Mono path[1] = 'C:/Program Files/Unity/2021.1.4f1/Editor/Data/MonoBleedingEdge/lib/mono/unityjit'
Mono config path = 'C:/Program Files/Unity/2021.1.4f1/Editor/Data/MonoBleedingEdge/etc'
Using monoOptions --debugger-agent=transport=dt_socket,embedding=1,server=y,suspend=n,address=127.0.0.1:56104
Begin MonoManager ReloadAssembly
Registering precompiled unity dll's ...
Register platform support module: C:/Program Files/Unity/2021.1.4f1/Editor/Data/PlaybackEngines/WindowsStandaloneSupport/UnityEditor.WindowsStandalone.Extensions.dll
Registered in 0.004325 seconds.
Native extension for WindowsStandalone target not found
Refreshing native plugins compatible for Editor in 152.93 ms, found 1 plugins.
Preloading 0 native plugins for Editor in 0.00 ms.
Mono: successfully reloaded assembly
- Completed reload, in  2.213 seconds
Platform modules already initialized, skipping
Registering precompiled user dll's ...
Registered in 0.006342 seconds.
Begin MonoManager ReloadAssembly
Native extension for WindowsStandalone target not found
Refreshing native plugins compatible for Editor in 157.00 ms, found 1 plugins.
Preloading 0 native plugins for Editor in 0.00 ms.
Find all reader and writers took 123 milliseconds
Script Module: UnityEngine.UI.dll
Weave behaviours and messages took97 milliseconds
Find all reader and writers took 103 milliseconds
Script Module: Unity.RenderPipelines.Core.Runtime.dll
Weave behaviours and messages took76 milliseconds
Find all reader and writers took 100 milliseconds
Script Module: UnityEngine.TestRunner.dll
Weave behaviours and messages took30 milliseconds
Find all reader and writers took 117 milliseconds
Script Module: Unity.Mathematics.dll
Weave behaviours and messages took418 milliseconds
Find all reader and writers took 193 milliseconds
Script Module: Unity.InputSystem.dll
Weave behaviours and messages took291 milliseconds
Find all reader and writers took 91 milliseconds
Script Module: SimpleWebTransport.dll
Weave behaviours and messages took12 milliseconds
Find all reader and writers took 175 milliseconds
Script Module: Unity.VisualScripting.State.dll
Weave behaviours and messages took8 milliseconds
Find all reader and writers took 108 milliseconds
Script Module: Unity.VisualScripting.Core.dll
Weave behaviours and messages took195 milliseconds
Find all reader and writers took 115 milliseconds
Script Module: Unity.RenderPipelines.Universal.Runtime.dll
Weave behaviours and messages took88 milliseconds
Find all reader and writers took 124 milliseconds
Script Module: Unity.VisualScripting.Flow.dll
Weave behaviours and messages took124 milliseconds
Find all reader and writers took 117 milliseconds
Script Module: Unity.TextMeshPro.dll
Weave behaviours and messages took103 milliseconds
Find all reader and writers took 131 milliseconds
Script Module: Unity.ProBuilder.Poly2Tri.dll
Weave behaviours and messages took10 milliseconds
Find all reader and writers took 122 milliseconds
Script Module: Cinemachine.dll
Weave behaviours and messages took77 milliseconds
Find all reader and writers took 171 milliseconds
Script Module: Unity.Timeline.dll
Weave behaviours and messages took37 milliseconds
Find all reader and writers took 173 milliseconds
Script Module: Unity.ProBuilder.dll
Weave behaviours and messages took114 milliseconds
Find all reader and writers took 94 milliseconds
Script Module: Telepathy.dll
Weave behaviours and messages took2 milliseconds
Find all reader and writers took 89 milliseconds
Script Module: Unity.ProBuilder.Csg.dll
Weave behaviours and messages took2 milliseconds
Find all reader and writers took 165 milliseconds
Script Module: kcp2k.dll
Weave behaviours and messages took7 milliseconds
Find all reader and writers took 116 milliseconds
Script Module: Unity.RenderPipeline.Universal.ShaderLibrary.dll
Weave behaviours and messages took0 milliseconds
Find all reader and writers took 144 milliseconds
Script Module: Project.External.dll
Weave behaviours and messages took20 milliseconds
Find all reader and writers took 118 milliseconds
Script Module: Unity.ProBuilder.KdTree.dll
Weave behaviours and messages took9 milliseconds
Find all reader and writers took 93 milliseconds
Script Module: Unity.RenderPipelines.Core.ShaderLibrary.dll
Weave behaviours and messages took0 milliseconds
Find all reader and writers took 166 milliseconds
Script Module: Unity.ProBuilder.Stl.dll
Weave behaviours and messages took4 milliseconds
Find all reader and writers took 178 milliseconds
Script Module: Unity.RenderPipelines.Universal.Shaders.dll
Weave behaviours and messages took0 milliseconds
Find all reader and writers took 277 milliseconds
Script Module: Unity.RenderPipelines.ShaderGraph.ShaderGraphLibrary.dll
Weave behaviours and messages took0 milliseconds
Find all reader and writers took 274 milliseconds
Script Module: com.unity.cinemachine.editor.dll
Weave behaviours and messages took132 milliseconds
Find all reader and writers took 170 milliseconds
Script Module: VSSettingsProvider.dll
Weave behaviours and messages took1 milliseconds
Find all reader and writers took 186 milliseconds
Script Module: UnityEditor.TestRunner.dll
Weave behaviours and messages took69 milliseconds
Find all reader and writers took 131 milliseconds
Script Module: ParrelSync.dll
Weave behaviours and messages took2 milliseconds
Find all reader and writers took 187 milliseconds
Script Module: Unity.ProBuilder.AssetIdRemapUtility.dll
Weave behaviours and messages took7 milliseconds
Find all reader and writers took 140 milliseconds
Script Module: Mirror.CompilerSymbols.dll
Weave behaviours and messages took0 milliseconds
Find all reader and writers took 193 milliseconds
Script Module: UnityEditor.UI.dll
Weave behaviours and messages took25 milliseconds
Find all reader and writers took 106 milliseconds
Script Module: Unity.ShaderGraph.Utilities.dll
Weave behaviours and messages took0 milliseconds
Mono: successfully reloaded assembly
- Completed reload, in 17.497 seconds
Platform modules already initialized, skipping
========================================================================
Worker process is ready to serve import requests
Shader 'Universal Render Pipeline/Particles/Lit': fallback shader 'Universal Render Pipeline/Particles/SimpleLit' not found
Shader 'Universal Render Pipeline/Particles/Lit': fallback shader 'Universal Render Pipeline/Particles/SimpleLit' not found
Launched and connected shader compiler UnityShaderCompiler.exe after 0.05 seconds
Refreshing native plugins compatible for Editor in 1.09 ms, found 1 plugins.
Preloading 0 native plugins for Editor in 0.00 ms.
Unloading 5007 Unused Serialized files (Serialized files now loaded: 0)
System memory in use before: 199.2 MB.
System memory in use after: 196.7 MB.

Unloading 196 unused Assets to reduce memory usage. Loaded Objects now: 5405.
Total: 6.081100 ms (FindLiveObjects: 0.411100 ms CreateObjectMapping: 0.239500 ms MarkObjects: 3.857800 ms  DeleteObjects: 1.570900 ms)

========================================================================
Received Import Request.
  path: Assets/Project/Runtime/Scripts/PlayerLocomotion.cs
  artifactKey: Guid(2c0b58653986d2c489e65fb8ef314ac2) Importer(815301076,1909f56bfc062723c751e8b465ee728b)
Start importing Assets/Project/Runtime/Scripts/PlayerLocomotion.cs using Guid(2c0b58653986d2c489e65fb8ef314ac2) Importer(815301076,1909f56bfc062723c751e8b465ee728b)  -> (artifact id: '3a660ecb31779f317b4339d5a9a708dd') in 0.046457 seconds 
AssetImportWorkerClient::OnTransportError - code=2 error=End of file
