Using pre-set license
Built from '2021.1/release' branch; Version is '2021.1.4f1 (4cd64a618c1b) revision 5035594'; Using compiler version '192528614'; Build Type 'Release'
OS: 'Windows 10 Home; OS build 19042.1110; Version 2009; 64bit' Language: 'en' Physical Memory: 16267 MB
BatchMode: 1, IsHumanControllingUs: 0, StartBugReporterOnCrash: 0, Is64bit: 1, IsPro: 0

 COMMAND LINE ARGUMENTS:
C:\Program Files\Unity\2021.1.4f1\Editor\Unity.exe
-adb2
-batchMode
-noUpm
-name
AssetImportWorker1
-projectPath
Z:/Unity Projects/WhereIsMyBread
-logFile
Logs/AssetImportWorker1.log
-srvPort
51178
Successfully changed project path to: Z:/Unity Projects/WhereIsMyBread
Z:/Unity Projects/WhereIsMyBread
Using Asset Import Pipeline V2.
Refreshing native plugins compatible for Editor in 173.92 ms, found 1 plugins.
Preloading 0 native plugins for Editor in 0.00 ms.
Initialize engine version: 2021.1.4f1 (4cd64a618c1b)
[Subsystems] Discovering subsystems at path C:/Program Files/Unity/2021.1.4f1/Editor/Data/Resources/UnitySubsystems
[Subsystems] Discovering subsystems at path Z:/Unity Projects/WhereIsMyBread/Assets
GfxDevice: creating device client; threaded=0; jobified=0
Direct3D:
    Version:  Direct3D 11.0 [level 11.1]
    Renderer: NVIDIA GeForce GTX 980 Ti (ID=0x17c8)
    Vendor:   NVIDIA
    VRAM:     6097 MB
    Driver:   27.21.14.6109
Initialize mono
Mono path[0] = 'C:/Program Files/Unity/2021.1.4f1/Editor/Data/Managed'
Mono path[1] = 'C:/Program Files/Unity/2021.1.4f1/Editor/Data/MonoBleedingEdge/lib/mono/unityjit'
Mono config path = 'C:/Program Files/Unity/2021.1.4f1/Editor/Data/MonoBleedingEdge/etc'
Using monoOptions --debugger-agent=transport=dt_socket,embedding=1,server=y,suspend=n,address=127.0.0.1:56500
Begin MonoManager ReloadAssembly
Registering precompiled unity dll's ...
Register platform support module: C:/Program Files/Unity/2021.1.4f1/Editor/Data/PlaybackEngines/WindowsStandaloneSupport/UnityEditor.WindowsStandalone.Extensions.dll
Registered in 0.004136 seconds.
Native extension for WindowsStandalone target not found
Refreshing native plugins compatible for Editor in 193.13 ms, found 1 plugins.
Preloading 0 native plugins for Editor in 0.00 ms.
Mono: successfully reloaded assembly
- Completed reload, in  2.460 seconds
Platform modules already initialized, skipping
Registering precompiled user dll's ...
Registered in 0.007829 seconds.
Begin MonoManager ReloadAssembly
Native extension for WindowsStandalone target not found
Refreshing native plugins compatible for Editor in 291.24 ms, found 1 plugins.
Preloading 0 native plugins for Editor in 0.00 ms.
Find all reader and writers took 158 milliseconds
Script Module: UnityEngine.UI.dll
Weave behaviours and messages took118 milliseconds
Find all reader and writers took 125 milliseconds
Script Module: Unity.RenderPipelines.Core.Runtime.dll
Weave behaviours and messages took96 milliseconds
Find all reader and writers took 126 milliseconds
Script Module: UnityEngine.TestRunner.dll
Weave behaviours and messages took48 milliseconds
Find all reader and writers took 140 milliseconds
Script Module: Unity.Mathematics.dll
Weave behaviours and messages took271 milliseconds
Find all reader and writers took 128 milliseconds
Script Module: Unity.InputSystem.dll
Weave behaviours and messages took269 milliseconds
Find all reader and writers took 110 milliseconds
Script Module: SimpleWebTransport.dll
Weave behaviours and messages took7 milliseconds
Find all reader and writers took 125 milliseconds
Script Module: Unity.VisualScripting.State.dll
Weave behaviours and messages took7 milliseconds
Find all reader and writers took 130 milliseconds
Script Module: Unity.VisualScripting.Core.dll
Weave behaviours and messages took236 milliseconds
Find all reader and writers took 177 milliseconds
Script Module: Unity.RenderPipelines.Universal.Runtime.dll
Weave behaviours and messages took179 milliseconds
Find all reader and writers took 169 milliseconds
Script Module: Unity.VisualScripting.Flow.dll
Weave behaviours and messages took144 milliseconds
Find all reader and writers took 183 milliseconds
Script Module: Unity.TextMeshPro.dll
Weave behaviours and messages took160 milliseconds
Find all reader and writers took 195 milliseconds
Script Module: Unity.ProBuilder.Poly2Tri.dll
Weave behaviours and messages took24 milliseconds
Find all reader and writers took 3555 milliseconds
Script Module: Cinemachine.dll
Weave behaviours and messages took347 milliseconds
Find all reader and writers took 148 milliseconds
Script Module: Unity.Timeline.dll
Weave behaviours and messages took59 milliseconds
Find all reader and writers took 866 milliseconds
Script Module: Unity.ProBuilder.dll
Weave behaviours and messages took352 milliseconds
Find all reader and writers took 123 milliseconds
Script Module: Telepathy.dll
Weave behaviours and messages took11 milliseconds
Find all reader and writers took 116 milliseconds
Script Module: Unity.ProBuilder.Csg.dll
Weave behaviours and messages took3 milliseconds
Find all reader and writers took 145 milliseconds
Script Module: kcp2k.dll
Weave behaviours and messages took7 milliseconds
Find all reader and writers took 134 milliseconds
Script Module: Unity.RenderPipeline.Universal.ShaderLibrary.dll
Weave behaviours and messages took0 milliseconds
Find all reader and writers took 488 milliseconds
Script Module: Project.External.dll
Weave behaviours and messages took130 milliseconds
Find all reader and writers took 764 milliseconds
Script Module: Unity.ProBuilder.KdTree.dll
Weave behaviours and messages took9 milliseconds
Find all reader and writers took 277 milliseconds
Script Module: Unity.RenderPipelines.Core.ShaderLibrary.dll
Weave behaviours and messages took0 milliseconds
Find all reader and writers took 137 milliseconds
Script Module: Unity.ProBuilder.Stl.dll
Weave behaviours and messages took2 milliseconds
Find all reader and writers took 149 milliseconds
Script Module: Unity.RenderPipelines.Universal.Shaders.dll
Weave behaviours and messages took0 milliseconds
