Using pre-set license
Built from '2021.1/release' branch; Version is '2021.1.4f1 (4cd64a618c1b) revision 5035594'; Using compiler version '192528614'; Build Type 'Release'
OS: 'Windows 10 Home; OS build 19042.1083; Version 2009; 64bit' Language: 'en' Physical Memory: 16267 MB
BatchMode: 1, IsHumanControllingUs: 0, StartBugReporterOnCrash: 0, Is64bit: 1, IsPro: 0

 COMMAND LINE ARGUMENTS:
C:\Program Files\Unity\2021.1.4f1\Editor\Unity.exe
-adb2
-batchMode
-noUpm
-name
AssetImportWorker0
-projectPath
Z:/Unity Projects/WhereIsMyBread
-logFile
Logs/AssetImportWorker0.log
-srvPort
58915
Successfully changed project path to: Z:/Unity Projects/WhereIsMyBread
Z:/Unity Projects/WhereIsMyBread
Using Asset Import Pipeline V2.
Refreshing native plugins compatible for Editor in 270.99 ms, found 1 plugins.
Preloading 0 native plugins for Editor in 0.00 ms.
Initialize engine version: 2021.1.4f1 (4cd64a618c1b)
[Subsystems] Discovering subsystems at path C:/Program Files/Unity/2021.1.4f1/Editor/Data/Resources/UnitySubsystems
[Subsystems] Discovering subsystems at path Z:/Unity Projects/WhereIsMyBread/Assets
GfxDevice: creating device client; threaded=0; jobified=0
Direct3D:
    Version:  Direct3D 11.0 [level 11.1]
    Renderer: NVIDIA GeForce GTX 980 Ti (ID=0x17c8)
    Vendor:   NVIDIA
    VRAM:     6097 MB
    Driver:   27.21.14.6109
Initialize mono
Mono path[0] = 'C:/Program Files/Unity/2021.1.4f1/Editor/Data/Managed'
Mono path[1] = 'C:/Program Files/Unity/2021.1.4f1/Editor/Data/MonoBleedingEdge/lib/mono/unityjit'
Mono config path = 'C:/Program Files/Unity/2021.1.4f1/Editor/Data/MonoBleedingEdge/etc'
Using monoOptions --debugger-agent=transport=dt_socket,embedding=1,server=y,suspend=n,address=127.0.0.1:56292
Begin MonoManager ReloadAssembly
Registering precompiled unity dll's ...
Register platform support module: C:/Program Files/Unity/2021.1.4f1/Editor/Data/PlaybackEngines/WindowsStandaloneSupport/UnityEditor.WindowsStandalone.Extensions.dll
Registered in 0.004872 seconds.
Native extension for WindowsStandalone target not found
Refreshing native plugins compatible for Editor in 179.86 ms, found 1 plugins.
Preloading 0 native plugins for Editor in 0.00 ms.
Mono: successfully reloaded assembly
- Completed reload, in  2.321 seconds
Platform modules already initialized, skipping
Registering precompiled user dll's ...
Registered in 0.007378 seconds.
Begin MonoManager ReloadAssembly
Native extension for WindowsStandalone target not found
Refreshing native plugins compatible for Editor in 185.61 ms, found 1 plugins.
Preloading 0 native plugins for Editor in 0.00 ms.
Find all reader and writers took 148 milliseconds
Script Module: UnityEngine.UI.dll
Weave behaviours and messages took115 milliseconds
Find all reader and writers took 118 milliseconds
Script Module: Unity.RenderPipelines.Core.Runtime.dll
Weave behaviours and messages took84 milliseconds
Find all reader and writers took 127 milliseconds
Script Module: UnityEngine.TestRunner.dll
Weave behaviours and messages took41 milliseconds
Find all reader and writers took 113 milliseconds
Script Module: Unity.Mathematics.dll
Weave behaviours and messages took273 milliseconds
Find all reader and writers took 141 milliseconds
Script Module: Unity.InputSystem.dll
Weave behaviours and messages took279 milliseconds
Find all reader and writers took 102 milliseconds
Script Module: SimpleWebTransport.dll
Weave behaviours and messages took10 milliseconds
Find all reader and writers took 117 milliseconds
Script Module: Unity.VisualScripting.State.dll
Weave behaviours and messages took5 milliseconds
Find all reader and writers took 138 milliseconds
Script Module: Unity.VisualScripting.Core.dll
Weave behaviours and messages took217 milliseconds
Find all reader and writers took 198 milliseconds
Script Module: Unity.RenderPipelines.Universal.Runtime.dll
Weave behaviours and messages took111 milliseconds
Find all reader and writers took 115 milliseconds
Script Module: Unity.VisualScripting.Flow.dll
Weave behaviours and messages took126 milliseconds
Find all reader and writers took 136 milliseconds
Script Module: Unity.TextMeshPro.dll
Weave behaviours and messages took106 milliseconds
Find all reader and writers took 108 milliseconds
Script Module: Unity.ProBuilder.Poly2Tri.dll
Weave behaviours and messages took8 milliseconds
Find all reader and writers took 130 milliseconds
Script Module: Cinemachine.dll
Weave behaviours and messages took87 milliseconds
Find all reader and writers took 116 milliseconds
Script Module: Unity.Timeline.dll
Weave behaviours and messages took36 milliseconds
Find all reader and writers took 142 milliseconds
Script Module: Unity.ProBuilder.dll
Weave behaviours and messages took111 milliseconds
Find all reader and writers took 120 milliseconds
Script Module: Telepathy.dll
Weave behaviours and messages took3 milliseconds
Find all reader and writers took 113 milliseconds
Script Module: Unity.ProBuilder.Csg.dll
Weave behaviours and messages took3 milliseconds
Find all reader and writers took 109 milliseconds
Script Module: kcp2k.dll
Weave behaviours and messages took5 milliseconds
Find all reader and writers took 105 milliseconds
Script Module: Unity.RenderPipeline.Universal.ShaderLibrary.dll
Weave behaviours and messages took0 milliseconds
Find all reader and writers took 117 milliseconds
Script Module: Project.External.dll
Weave behaviours and messages took25 milliseconds
Find all reader and writers took 111 milliseconds
Script Module: Unity.ProBuilder.KdTree.dll
Weave behaviours and messages took6 milliseconds
Find all reader and writers took 111 milliseconds
Script Module: Unity.RenderPipelines.Core.ShaderLibrary.dll
Weave behaviours and messages took0 milliseconds
Find all reader and writers took 107 milliseconds
Script Module: Unity.ProBuilder.Stl.dll
Weave behaviours and messages took1 milliseconds
Find all reader and writers took 111 milliseconds
Script Module: Unity.RenderPipelines.Universal.Shaders.dll
Weave behaviours and messages took0 milliseconds
Find all reader and writers took 112 milliseconds
Script Module: Unity.RenderPipelines.ShaderGraph.ShaderGraphLibrary.dll
Weave behaviours and messages took0 milliseconds
Find all reader and writers took 154 milliseconds
Script Module: com.unity.cinemachine.editor.dll
Weave behaviours and messages took60 milliseconds
Find all reader and writers took 134 milliseconds
Script Module: VSSettingsProvider.dll
Weave behaviours and messages took1 milliseconds
Find all reader and writers took 146 milliseconds
Script Module: UnityEditor.TestRunner.dll
Weave behaviours and messages took54 milliseconds
Find all reader and writers took 135 milliseconds
Script Module: ParrelSync.dll
Weave behaviours and messages took3 milliseconds
Find all reader and writers took 148 milliseconds
Script Module: Unity.ProBuilder.AssetIdRemapUtility.dll
Weave behaviours and messages took5 milliseconds
Find all reader and writers took 116 milliseconds
Script Module: Mirror.CompilerSymbols.dll
Weave behaviours and messages took0 milliseconds
Find all reader and writers took 131 milliseconds
Script Module: UnityEditor.UI.dll
Weave behaviours and messages took19 milliseconds
Find all reader and writers took 108 milliseconds
Script Module: Unity.ShaderGraph.Utilities.dll
Weave behaviours and messages took0 milliseconds
Mono: successfully reloaded assembly
- Completed reload, in 15.741 seconds
Platform modules already initialized, skipping
========================================================================
Worker process is ready to serve import requests
Shader 'Universal Render Pipeline/Particles/Lit': fallback shader 'Universal Render Pipeline/Particles/SimpleLit' not found
Shader 'Universal Render Pipeline/Particles/Lit': fallback shader 'Universal Render Pipeline/Particles/SimpleLit' not found
Launched and connected shader compiler UnityShaderCompiler.exe after 0.06 seconds
Refreshing native plugins compatible for Editor in 1.12 ms, found 1 plugins.
Preloading 0 native plugins for Editor in 0.00 ms.
Unloading 5007 Unused Serialized files (Serialized files now loaded: 0)
System memory in use before: 199.1 MB.
System memory in use after: 196.6 MB.

Unloading 196 unused Assets to reduce memory usage. Loaded Objects now: 5405.
Total: 7.224000 ms (FindLiveObjects: 0.557200 ms CreateObjectMapping: 0.534500 ms MarkObjects: 4.341200 ms  DeleteObjects: 1.789000 ms)

========================================================================
Received Import Request.
  path: Assets/Scenes/Demo.unity
  artifactKey: Guid(d43e86fe91277bd4384e12301358bea8) Importer(815301076,1909f56bfc062723c751e8b465ee728b)
Start importing Assets/Scenes/Demo.unity using Guid(d43e86fe91277bd4384e12301358bea8) Importer(815301076,1909f56bfc062723c751e8b465ee728b)  -> (artifact id: 'ccb200f0921c337a2d29f9efb5dff689') in 0.020165 seconds 
========================================================================
Received Import Request.
  Time since last request: 0.000583 seconds.
  path: Assets/Scenes/Loading.unity
  artifactKey: Guid(798a371167155574da5efb6b80df756e) Importer(815301076,1909f56bfc062723c751e8b465ee728b)
Start importing Assets/Scenes/Loading.unity using Guid(798a371167155574da5efb6b80df756e) Importer(815301076,1909f56bfc062723c751e8b465ee728b)  -> (artifact id: '3a0e7ccc60ca6012a7b4fcaae21678c2') in 0.010730 seconds 
========================================================================
Received Import Request.
  Time since last request: 0.000448 seconds.
  path: Assets/Scenes/Menu.unity
  artifactKey: Guid(d4a3974f2c0242341bbb19d6f95f0872) Importer(815301076,1909f56bfc062723c751e8b465ee728b)
Start importing Assets/Scenes/Menu.unity using Guid(d4a3974f2c0242341bbb19d6f95f0872) Importer(815301076,1909f56bfc062723c751e8b465ee728b)  -> (artifact id: '922368340d2d61f5efb130fbd14df06e') in 0.012401 seconds 
AssetImportWorkerClient::OnTransportError - code=2 error=End of file
