Using pre-set license
Built from '2021.1/staging' branch; Version is '2021.1.15f1 (e767a7370072) revision 15165351'; Using compiler version '192528614'; Build Type 'Release'
OS: 'Windows 10 Home; OS build 19042.1165; Version 2009; 64bit' Language: 'en' Physical Memory: 16267 MB
BatchMode: 1, IsHumanControllingUs: 0, StartBugReporterOnCrash: 0, Is64bit: 1, IsPro: 0

 COMMAND LINE ARGUMENTS:
Z:\Unity\2021.1.15f1\Editor\Unity.exe
-adb2
-batchMode
-noUpm
-name
AssetImportWorker0
-projectPath
Z:/Unity Projects/WhereIsMyBread
-logFile
Logs/AssetImportWorker0.log
-srvPort
63041
Successfully changed project path to: Z:/Unity Projects/WhereIsMyBread
Z:/Unity Projects/WhereIsMyBread
Using Asset Import Pipeline V2.
Refreshing native plugins compatible for Editor in 196.46 ms, found 4 plugins.
Preloading 0 native plugins for Editor in 0.00 ms.
Initialize engine version: 2021.1.15f1 (e767a7370072)
[Subsystems] Discovering subsystems at path Z:/Unity/2021.1.15f1/Editor/Data/Resources/UnitySubsystems
[Subsystems] Discovering subsystems at path Z:/Unity Projects/WhereIsMyBread/Assets
GfxDevice: creating device client; threaded=0; jobified=0
Direct3D:
    Version:  Direct3D 11.0 [level 11.1]
    Renderer: NVIDIA GeForce GTX 980 Ti (ID=0x17c8)
    Vendor:   NVIDIA
    VRAM:     6097 MB
    Driver:   27.21.14.6109
Initialize mono
Mono path[0] = 'Z:/Unity/2021.1.15f1/Editor/Data/Managed'
Mono path[1] = 'Z:/Unity/2021.1.15f1/Editor/Data/MonoBleedingEdge/lib/mono/unityjit'
Mono config path = 'Z:/Unity/2021.1.15f1/Editor/Data/MonoBleedingEdge/etc'
Using monoOptions --debugger-agent=transport=dt_socket,embedding=1,server=y,suspend=n,address=127.0.0.1:56972
Begin MonoManager ReloadAssembly
Registering precompiled unity dll's ...
Register platform support module: Z:/Unity/2021.1.15f1/Editor/Data/PlaybackEngines/WindowsStandaloneSupport/UnityEditor.WindowsStandalone.Extensions.dll
Registered in 0.001451 seconds.
Native extension for WindowsStandalone target not found
Refreshing native plugins compatible for Editor in 168.77 ms, found 4 plugins.
Preloading 0 native plugins for Editor in 0.00 ms.
Mono: successfully reloaded assembly
- Completed reload, in  1.781 seconds
Domain Reload Profiling:
	ReloadAssembly (1781ms)
		BeginReloadAssembly (81ms)
			ExecutionOrderSort (0ms)
			DisableScriptedObjects (0ms)
			BackupInstance (0ms)
			ReleaseScriptingObjects (0ms)
			CreateAndSetChildDomain (1ms)
		EndReloadAssembly (711ms)
			LoadAssemblies (80ms)
			RebuildTransferFunctionScriptingTraits (0ms)
			SetupTypeCache (244ms)
			ReleaseScriptCaches (0ms)
			RebuildScriptCaches (44ms)
			SetupLoadedEditorAssemblies (344ms)
				LogAssemblyErrors (0ms)
				InitializePlatformSupportModulesInManaged (8ms)
				SetLoadedEditorAssemblies (0ms)
				RefreshPlugins (169ms)
				BeforeProcessingInitializeOnLoad (2ms)
				ProcessInitializeOnLoadAttributes (128ms)
				ProcessInitializeOnLoadMethodAttributes (38ms)
				AfterProcessingInitializeOnLoad (0ms)
				EditorAssembliesLoaded (0ms)
			ExecutionOrderSort2 (0ms)
			AwakeInstancesAfterBackupRestoration (0ms)
Platform modules already initialized, skipping
Registering precompiled user dll's ...
Registered in 0.009386 seconds.
Begin MonoManager ReloadAssembly
Symbol file LoadedFromMemory doesn't match image Z:\Unity Projects\WhereIsMyBread\Library\PackageCache\com.unity.visualscripting@1.6.1\Editor\VisualScripting.Core\Dependencies\YamlDotNet\Unity.VisualScripting.YamlDotNet.dll
Symbol file LoadedFromMemory doesn't match image Z:\Unity Projects\WhereIsMyBread\Library\PackageCache\com.unity.visualscripting@1.6.1\Editor\VisualScripting.Core\Dependencies\DotNetZip\Unity.VisualScripting.IonicZip.dll
Native extension for WindowsStandalone target not found
Refreshing native plugins compatible for Editor in 173.84 ms, found 4 plugins.
Preloading 0 native plugins for Editor in 0.00 ms.
Find all reader and writers took 120 milliseconds
Script Module: UnityEngine.UI.dll
Weave behaviours and messages took100 milliseconds
Find all reader and writers took 119 milliseconds
Script Module: Unity.RenderPipelines.Core.Runtime.dll
Weave behaviours and messages took78 milliseconds
Find all reader and writers took 103 milliseconds
Script Module: UnityEngine.TestRunner.dll
Weave behaviours and messages took30 milliseconds
Find all reader and writers took 100 milliseconds
Script Module: Unity.Mathematics.dll
Weave behaviours and messages took248 milliseconds
Find all reader and writers took 120 milliseconds
Script Module: Unity.InputSystem.dll
Weave behaviours and messages took242 milliseconds
Find all reader and writers took 82 milliseconds
Script Module: SimpleWebTransport.dll
Weave behaviours and messages took7 milliseconds
Find all reader and writers took 102 milliseconds
Script Module: Unity.VisualScripting.State.dll
Weave behaviours and messages took6 milliseconds
Find all reader and writers took 102 milliseconds
Script Module: Unity.VisualScripting.Core.dll
Weave behaviours and messages took188 milliseconds
Find all reader and writers took 106 milliseconds
Script Module: Unity.RenderPipelines.Universal.Runtime.dll
Weave behaviours and messages took93 milliseconds
Find all reader and writers took 106 milliseconds
Script Module: Unity.VisualScripting.Flow.dll
Weave behaviours and messages took110 milliseconds
Find all reader and writers took 92 milliseconds
Script Module: Unity.Animation.Rigging.dll
Weave behaviours and messages took31 milliseconds
Find all reader and writers took 87 milliseconds
Script Module: Unity.Burst.dll
Weave behaviours and messages took106 milliseconds
Find all reader and writers took 114 milliseconds
Script Module: Unity.TextMeshPro.dll
Weave behaviours and messages took88 milliseconds
Find all reader and writers took 76 milliseconds
Script Module: Unity.ProBuilder.Poly2Tri.dll
Weave behaviours and messages took7 milliseconds
Find all reader and writers took 104 milliseconds
Script Module: Cinemachine.dll
Weave behaviours and messages took74 milliseconds
Find all reader and writers took 99 milliseconds
Script Module: Unity.Timeline.dll
Weave behaviours and messages took34 milliseconds
Find all reader and writers took 112 milliseconds
Script Module: Unity.ProBuilder.dll
Weave behaviours and messages took98 milliseconds
Find all reader and writers took 90 milliseconds
Script Module: Telepathy.dll
Weave behaviours and messages took3 milliseconds
Find all reader and writers took 92 milliseconds
Script Module: Unity.ProBuilder.Csg.dll
Weave behaviours and messages took2 milliseconds
Find all reader and writers took 87 milliseconds
Script Module: kcp2k.dll
Weave behaviours and messages took4 milliseconds
Find all reader and writers took 100 milliseconds
Script Module: Unity.RenderPipeline.Universal.ShaderLibrary.dll
Weave behaviours and messages took0 milliseconds
Find all reader and writers took 111 milliseconds
Script Module: Project.External.dll
Weave behaviours and messages took23 milliseconds
Find all reader and writers took 106 milliseconds
Script Module: Unity.Recorder.dll
Weave behaviours and messages took0 milliseconds
Find all reader and writers took 103 milliseconds
Script Module: Unity.ProBuilder.KdTree.dll
Weave behaviours and messages took4 milliseconds
Find all reader and writers took 101 milliseconds
Script Module: Unity.RenderPipelines.Core.ShaderLibrary.dll
Weave behaviours and messages took0 milliseconds
Find all reader and writers took 98 milliseconds
Script Module: Unity.Recorder.Base.dll
Weave behaviours and messages took0 milliseconds
Find all reader and writers took 102 milliseconds
Script Module: Unity.ProBuilder.Stl.dll
Weave behaviours and messages took1 milliseconds
Find all reader and writers took 109 milliseconds
Script Module: Assembly-CSharp.dll
Weave behaviours and messages took0 milliseconds
Find all reader and writers took 103 milliseconds
Script Module: Unity.RenderPipelines.Universal.Shaders.dll
Weave behaviours and messages took0 milliseconds
Find all reader and writers took 106 milliseconds
Script Module: Unity.RenderPipelines.ShaderGraph.ShaderGraphLibrary.dll
Weave behaviours and messages took0 milliseconds
Find all reader and writers took 141 milliseconds
Script Module: com.unity.cinemachine.editor.dll
Weave behaviours and messages took63 milliseconds
Find all reader and writers took 131 milliseconds
Script Module: VSSettingsProvider.dll
Weave behaviours and messages took0 milliseconds
Find all reader and writers took 132 milliseconds
Script Module: UnityEditor.TestRunner.dll
Weave behaviours and messages took55 milliseconds
Find all reader and writers took 118 milliseconds
Script Module: ParrelSync.dll
Weave behaviours and messages took4 milliseconds
Find all reader and writers took 110 milliseconds
Script Module: Unity.Burst.CodeGen.dll
Weave behaviours and messages took7 milliseconds
Find all reader and writers took 126 milliseconds
Script Module: Unity.ProBuilder.AssetIdRemapUtility.dll
Weave behaviours and messages took9 milliseconds
Find all reader and writers took 100 milliseconds
Script Module: Mirror.CompilerSymbols.dll
Weave behaviours and messages took0 milliseconds
Find all reader and writers took 129 milliseconds
Script Module: UnityEditor.UI.dll
Weave behaviours and messages took17 milliseconds
Find all reader and writers took 140 milliseconds
Script Module: Unity.ShaderGraph.Utilities.dll
Weave behaviours and messages took0 milliseconds
Mono: successfully reloaded assembly
- Completed reload, in 15.328 seconds
Domain Reload Profiling:
	ReloadAssembly (15329ms)
		BeginReloadAssembly (198ms)
			ExecutionOrderSort (0ms)
			DisableScriptedObjects (6ms)
			BackupInstance (0ms)
			ReleaseScriptingObjects (0ms)
			CreateAndSetChildDomain (24ms)
		EndReloadAssembly (15057ms)
			LoadAssemblies (138ms)
			RebuildTransferFunctionScriptingTraits (0ms)
			SetupTypeCache (490ms)
			ReleaseScriptCaches (1ms)
			RebuildScriptCaches (120ms)
			SetupLoadedEditorAssemblies (14155ms)
				LogAssemblyErrors (0ms)
				InitializePlatformSupportModulesInManaged (6ms)
				SetLoadedEditorAssemblies (0ms)
				RefreshPlugins (174ms)
				BeforeProcessingInitializeOnLoad (141ms)
				ProcessInitializeOnLoadAttributes (900ms)
				ProcessInitializeOnLoadMethodAttributes (12927ms)
				AfterProcessingInitializeOnLoad (6ms)
				EditorAssembliesLoaded (1ms)
			ExecutionOrderSort2 (0ms)
			AwakeInstancesAfterBackupRestoration (13ms)
Platform modules already initialized, skipping
========================================================================
Worker process is ready to serve import requests
Launched and connected shader compiler UnityShaderCompiler.exe after 0.06 seconds
Refreshing native plugins compatible for Editor in 2.22 ms, found 4 plugins.
Preloading 0 native plugins for Editor in 0.00 ms.
Unloading 5383 Unused Serialized files (Serialized files now loaded: 0)
System memory in use before: 218.3 MB.
System memory in use after: 218.2 MB.

Unloading 203 unused Assets to reduce memory usage. Loaded Objects now: 5788.
Total: 6.589700 ms (FindLiveObjects: 0.446700 ms CreateObjectMapping: 0.266400 ms MarkObjects: 5.280200 ms  DeleteObjects: 0.594700 ms)

AssetImportParameters requested are different than current active one (requested -> active):
  custom:framework-win-MediaFoundation: 216162199b28c13a410421893ffa2e32 -> 
  custom:video-decoder-ogg-theora: a1e56fd34408186e4bbccfd4996cb3dc -> 
  custom:container-muxer-webm: aa71ff27fc2769a1b78a27578f13a17b -> 
  custom:container-demuxer-webm: 4f35f7cbe854078d1ac9338744f61a02 -> 
  custom:container-demuxer-ogg: 62fdf1f143b41e24485cea50d1cbac27 -> 
  custom:video-encoder-webm-vp8: eb34c28f22e8b96e1ab97ce403110664 -> 
  custom:video-codec-MediaFoundation-h265: 746d11721c4dcdbdad8f713fa42b33f4 -> 
  custom:video-decoder-webm-vp8: 9c59270c3fd7afecdb556c50c9e8de78 -> 
  custom:audio-decoder-ogg-vorbis: bf7c407c2cedff20999df2af8eb42d56 -> 
  custom:audio-encoder-webm-vorbis: bf7c407c2cedff20999df2af8eb42d56 -> 
========================================================================
Received Import Request.
  path: Assets/Scenes/MainGame.unity
  artifactKey: Guid(d43e86fe91277bd4384e12301358bea8) Importer(815301076,1909f56bfc062723c751e8b465ee728b)
Start importing Assets/Scenes/MainGame.unity using Guid(d43e86fe91277bd4384e12301358bea8) Importer(815301076,1909f56bfc062723c751e8b465ee728b)  -> (artifact id: '6dd7e75a441efb469937c77a5f0eb9b6') in 0.019257 seconds 
========================================================================
Received Import Request.
  Time since last request: 27.292576 seconds.
  path: Assets/Project/Runtime/Models/bread_model.fbx
  artifactKey: Guid(cd305deb5713ddf4ea5ad39f01d081de) Importer(815301076,1909f56bfc062723c751e8b465ee728b)
Start importing Assets/Project/Runtime/Models/bread_model.fbx using Guid(cd305deb5713ddf4ea5ad39f01d081de) Importer(815301076,1909f56bfc062723c751e8b465ee728b)  -> (artifact id: 'cc222a9d1780af9e624e314308dba032') in 0.814881 seconds 
========================================================================
Received Import Request.
  Time since last request: 347.423905 seconds.
  path: Assets/Project/Runtime/Models/bread_model.fbx
  artifactKey: Guid(cd305deb5713ddf4ea5ad39f01d081de) Importer(815301076,1909f56bfc062723c751e8b465ee728b)
Start importing Assets/Project/Runtime/Models/bread_model.fbx using Guid(cd305deb5713ddf4ea5ad39f01d081de) Importer(815301076,1909f56bfc062723c751e8b465ee728b)  -> (artifact id: '719665dc254b10996ec4bd5b188e3a0e') in 0.560543 seconds 
========================================================================
Received Import Request.
  Time since last request: 153.794206 seconds.
  path: Assets/Project/Runtime/Models/bread_model.fbx
  artifactKey: Guid(cd305deb5713ddf4ea5ad39f01d081de) Importer(815301076,1909f56bfc062723c751e8b465ee728b)
Start importing Assets/Project/Runtime/Models/bread_model.fbx using Guid(cd305deb5713ddf4ea5ad39f01d081de) Importer(815301076,1909f56bfc062723c751e8b465ee728b)  -> (artifact id: 'a635550c4017ea1edbdc1263c0df36f6') in 0.427209 seconds 
========================================================================
Received Import Request.
  Time since last request: 104.294143 seconds.
  path: Assets/Project/Runtime/Models/bread_model.fbx
  artifactKey: Guid(cd305deb5713ddf4ea5ad39f01d081de) Importer(815301076,1909f56bfc062723c751e8b465ee728b)
Start importing Assets/Project/Runtime/Models/bread_model.fbx using Guid(cd305deb5713ddf4ea5ad39f01d081de) Importer(815301076,1909f56bfc062723c751e8b465ee728b)  -> (artifact id: '83fa034c5195e54d90b7b2fed888f9a6') in 0.352336 seconds 
========================================================================
Received Import Request.
  Time since last request: 5.948114 seconds.
  path: Assets/TextMesh Pro/Examples & Extras/Resources/Fonts & Materials/Bangers SDF.asset
  artifactKey: Guid(125cb55b44b24c4393181402bc6200e6) Importer(815301076,1909f56bfc062723c751e8b465ee728b)
Start importing Assets/TextMesh Pro/Examples & Extras/Resources/Fonts & Materials/Bangers SDF.asset using Guid(125cb55b44b24c4393181402bc6200e6) Importer(815301076,1909f56bfc062723c751e8b465ee728b)  -> (artifact id: 'ff5350e1ec083991f102da0d15d15f63') in 0.088679 seconds 
========================================================================
Received Import Request.
  Time since last request: 0.000497 seconds.
  path: Assets/TextMesh Pro/Examples & Extras/Resources/Fonts & Materials/Electronic Highway Sign SDF.asset
  artifactKey: Guid(dc36b3fdc14f47ebb36fd484a67e268a) Importer(815301076,1909f56bfc062723c751e8b465ee728b)
Start importing Assets/TextMesh Pro/Examples & Extras/Resources/Fonts & Materials/Electronic Highway Sign SDF.asset using Guid(dc36b3fdc14f47ebb36fd484a67e268a) Importer(815301076,1909f56bfc062723c751e8b465ee728b)  -> (artifact id: '84ad65befaa2703b4d4ea583a957fd29') in 0.040947 seconds 
========================================================================
Received Import Request.
  Time since last request: 0.000463 seconds.
  path: Assets/TextMesh Pro/Examples & Extras/Fonts/Oswald-Bold.ttf
  artifactKey: Guid(c9f6d0e7bc8541498c9a4799ba184ede) Importer(815301076,1909f56bfc062723c751e8b465ee728b)
Start importing Assets/TextMesh Pro/Examples & Extras/Fonts/Oswald-Bold.ttf using Guid(c9f6d0e7bc8541498c9a4799ba184ede) Importer(815301076,1909f56bfc062723c751e8b465ee728b)  -> (artifact id: '009a74a18b76511a42624b20c0657985') in 0.037357 seconds 
========================================================================
Received Import Request.
  Time since last request: 0.000418 seconds.
  path: Assets/TextMesh Pro/Examples & Extras/Fonts/Roboto-Bold.ttf
  artifactKey: Guid(4beb055f07aaff244873dec698d0363e) Importer(815301076,1909f56bfc062723c751e8b465ee728b)
Start importing Assets/TextMesh Pro/Examples & Extras/Fonts/Roboto-Bold.ttf using Guid(4beb055f07aaff244873dec698d0363e) Importer(815301076,1909f56bfc062723c751e8b465ee728b)  -> (artifact id: 'd52c7445c531f6525affce25f1b371f9') in 0.026942 seconds 
========================================================================
Received Import Request.
  Time since last request: 0.000459 seconds.
  path: Assets/TextMesh Pro/Sprites/EmojiOne.png
  artifactKey: Guid(dffef66376be4fa480fb02b19edbe903) Importer(815301076,1909f56bfc062723c751e8b465ee728b)
Start importing Assets/TextMesh Pro/Sprites/EmojiOne.png using Guid(dffef66376be4fa480fb02b19edbe903) Importer(815301076,1909f56bfc062723c751e8b465ee728b)  -> (artifact id: '314e6bf45b9f4895cb6b37f7f5ba15b5') in 0.035300 seconds 
========================================================================
Received Import Request.
  Time since last request: 5.346031 seconds.
  path: Assets/Project/Runtime/Textures/BreadTextures/Glass.png
  artifactKey: Guid(ea5c3bb4b1772674186f27ab6c63d550) Importer(815301076,1909f56bfc062723c751e8b465ee728b)
Start importing Assets/Project/Runtime/Textures/BreadTextures/Glass.png using Guid(ea5c3bb4b1772674186f27ab6c63d550) Importer(815301076,1909f56bfc062723c751e8b465ee728b)  -> (artifact id: '8645c951331773c7328345c721638551') in 0.018876 seconds 
========================================================================
Received Import Request.
  Time since last request: 0.429428 seconds.
  path: Assets/TextMesh Pro/Resources/Fonts & Materials/LiberationSans SDF.asset
  artifactKey: Guid(8f586378b4e144a9851e7b34d9b748ee) Importer(815301076,1909f56bfc062723c751e8b465ee728b)
Start importing Assets/TextMesh Pro/Resources/Fonts & Materials/LiberationSans SDF.asset using Guid(8f586378b4e144a9851e7b34d9b748ee) Importer(815301076,1909f56bfc062723c751e8b465ee728b)  -> (artifact id: '9e06b80f3e2c2fd3116789fe131a4410') in 0.054933 seconds 
========================================================================
Received Import Request.
  Time since last request: 0.000451 seconds.
  path: Assets/Scenes/Demo/Lightmap-3_comp_dir.png
  artifactKey: Guid(1ccce5ad0dc74684d89324742d0abda9) Importer(815301076,1909f56bfc062723c751e8b465ee728b)
Start importing Assets/Scenes/Demo/Lightmap-3_comp_dir.png using Guid(1ccce5ad0dc74684d89324742d0abda9) Importer(815301076,1909f56bfc062723c751e8b465ee728b)  -> (artifact id: 'd2f3c2b9a5632f723646d0a386e2ae8d') in 0.016808 seconds 
========================================================================
Received Import Request.
  Time since last request: 0.000440 seconds.
  path: Assets/Scenes/Demo/Lightmap-1_comp_dir.png
  artifactKey: Guid(4583716b54c1bc14cb385299847fe697) Importer(815301076,1909f56bfc062723c751e8b465ee728b)
Start importing Assets/Scenes/Demo/Lightmap-1_comp_dir.png using Guid(4583716b54c1bc14cb385299847fe697) Importer(815301076,1909f56bfc062723c751e8b465ee728b)  -> (artifact id: '905b93b9b1134bb018a9bb027bb598d0') in 0.016875 seconds 
========================================================================
Received Import Request.
  Time since last request: 0.000424 seconds.
  path: Assets/Scenes/Demo/Lightmap-4_comp_dir.png
  artifactKey: Guid(c3b95c7a24978f245a223b5695255a4d) Importer(815301076,1909f56bfc062723c751e8b465ee728b)
Start importing Assets/Scenes/Demo/Lightmap-4_comp_dir.png using Guid(c3b95c7a24978f245a223b5695255a4d) Importer(815301076,1909f56bfc062723c751e8b465ee728b)  -> (artifact id: 'dbd9d6659ffa3869f8fad8b6c95bc3c5') in 0.015506 seconds 
========================================================================
Received Import Request.
  Time since last request: 0.000422 seconds.
  path: Assets/Scenes/Demo/ReflectionProbe-0.exr
  artifactKey: Guid(eead49d3d4356424783cc90ad5b88ae6) Importer(815301076,1909f56bfc062723c751e8b465ee728b)
Start importing Assets/Scenes/Demo/ReflectionProbe-0.exr using Guid(eead49d3d4356424783cc90ad5b88ae6) Importer(815301076,1909f56bfc062723c751e8b465ee728b)  -> (artifact id: '7122627a576d9ff0f880eace18cba422') in 0.030902 seconds 
========================================================================
Received Import Request.
  Time since last request: 0.000431 seconds.
  path: Assets/TextMesh Pro/Resources/Fonts & Materials/LiberationSans SDF - Fallback.asset
  artifactKey: Guid(2e498d1c8094910479dc3e1b768306a4) Importer(815301076,1909f56bfc062723c751e8b465ee728b)
Start importing Assets/TextMesh Pro/Resources/Fonts & Materials/LiberationSans SDF - Fallback.asset using Guid(2e498d1c8094910479dc3e1b768306a4) Importer(815301076,1909f56bfc062723c751e8b465ee728b)  -> (artifact id: '8a63cd873d72066a0ac77f99e4945dd8') in 0.022724 seconds 
========================================================================
Received Import Request.
  Time since last request: 0.000476 seconds.
  path: Assets/Scenes/Demo/Lightmap-5_comp_dir.png
  artifactKey: Guid(ec9d557cf5a8fb745b62bfdb44841c0d) Importer(815301076,1909f56bfc062723c751e8b465ee728b)
Start importing Assets/Scenes/Demo/Lightmap-5_comp_dir.png using Guid(ec9d557cf5a8fb745b62bfdb44841c0d) Importer(815301076,1909f56bfc062723c751e8b465ee728b)  -> (artifact id: '31dc0d67050c054c9ecf2ba8e7ad27a0') in 0.015500 seconds 
========================================================================
Received Import Request.
  Time since last request: 0.000438 seconds.
  path: Assets/Scenes/Demo/Lightmap-2_comp_light.exr
  artifactKey: Guid(32ef7564122e6b6438855073986ba4c4) Importer(815301076,1909f56bfc062723c751e8b465ee728b)
Start importing Assets/Scenes/Demo/Lightmap-2_comp_light.exr using Guid(32ef7564122e6b6438855073986ba4c4) Importer(815301076,1909f56bfc062723c751e8b465ee728b)  -> (artifact id: '0addbebef607c5899da27ce371a46c6d') in 0.019366 seconds 
========================================================================
Received Import Request.
  Time since last request: 0.000444 seconds.
  path: Assets/TextMesh Pro/Examples & Extras/Resources/Fonts & Materials/Roboto-Bold SDF.asset
  artifactKey: Guid(5302535af1044152a457ed104f1f4b91) Importer(815301076,1909f56bfc062723c751e8b465ee728b)
Start importing Assets/TextMesh Pro/Examples & Extras/Resources/Fonts & Materials/Roboto-Bold SDF.asset using Guid(5302535af1044152a457ed104f1f4b91) Importer(815301076,1909f56bfc062723c751e8b465ee728b)  -> (artifact id: '31e580221d27837e6b9816450065c35e') in 0.036225 seconds 
========================================================================
Received Import Request.
  Time since last request: 0.000426 seconds.
  path: Assets/Scenes/Demo/Lightmap-1_comp_light.exr
  artifactKey: Guid(eb32899834e7be944b1e6b7af256c266) Importer(815301076,1909f56bfc062723c751e8b465ee728b)
Start importing Assets/Scenes/Demo/Lightmap-1_comp_light.exr using Guid(eb32899834e7be944b1e6b7af256c266) Importer(815301076,1909f56bfc062723c751e8b465ee728b)  -> (artifact id: 'f024879db3f64e6ed795a711988a542c') in 0.014296 seconds 
========================================================================
Received Import Request.
  Time since last request: 0.000474 seconds.
  path: Assets/Scenes/Demo/Lightmap-0_comp_dir.png
  artifactKey: Guid(e452e31f69f4a824a83c20eabba8cfcb) Importer(815301076,1909f56bfc062723c751e8b465ee728b)
Start importing Assets/Scenes/Demo/Lightmap-0_comp_dir.png using Guid(e452e31f69f4a824a83c20eabba8cfcb) Importer(815301076,1909f56bfc062723c751e8b465ee728b)  -> (artifact id: '3ab785cddbbf5231e0903bed2e399377') in 0.015296 seconds 
========================================================================
Received Import Request.
  Time since last request: 0.000493 seconds.
  path: Assets/TextMesh Pro/Examples & Extras/Resources/Fonts & Materials/Oswald Bold SDF.asset
  artifactKey: Guid(0161d805a3764c089bef00bfe00793f5) Importer(815301076,1909f56bfc062723c751e8b465ee728b)
Start importing Assets/TextMesh Pro/Examples & Extras/Resources/Fonts & Materials/Oswald Bold SDF.asset using Guid(0161d805a3764c089bef00bfe00793f5) Importer(815301076,1909f56bfc062723c751e8b465ee728b)  -> (artifact id: 'b138cde185943e64b09eef268acdbf85') in 0.034051 seconds 
========================================================================
Received Import Request.
  Time since last request: 0.000373 seconds.
  path: Assets/Scenes/Demo/Lightmap-2_comp_dir.png
  artifactKey: Guid(36cbbad4a3989aa4f979ca78baaa93cc) Importer(815301076,1909f56bfc062723c751e8b465ee728b)
Start importing Assets/Scenes/Demo/Lightmap-2_comp_dir.png using Guid(36cbbad4a3989aa4f979ca78baaa93cc) Importer(815301076,1909f56bfc062723c751e8b465ee728b)  -> (artifact id: 'e1f3e7944503dccc78e6c9c272b7f24c') in 0.013886 seconds 
========================================================================
Received Import Request.
  Time since last request: 0.000466 seconds.
  path: Assets/Scenes/Demo/Lightmap-4_comp_light.exr
  artifactKey: Guid(a8fa6cd8512e66044b5557a5317fdbd6) Importer(815301076,1909f56bfc062723c751e8b465ee728b)
Start importing Assets/Scenes/Demo/Lightmap-4_comp_light.exr using Guid(a8fa6cd8512e66044b5557a5317fdbd6) Importer(815301076,1909f56bfc062723c751e8b465ee728b)  -> (artifact id: '6706e70202e28199c4ce0d3e392647d4') in 0.013614 seconds 
========================================================================
Received Import Request.
  Time since last request: 0.000444 seconds.
  path: Assets/Scenes/Demo/Lightmap-5_comp_light.exr
  artifactKey: Guid(e744395e00c4f8e47b8c17e795bc705d) Importer(815301076,1909f56bfc062723c751e8b465ee728b)
Start importing Assets/Scenes/Demo/Lightmap-5_comp_light.exr using Guid(e744395e00c4f8e47b8c17e795bc705d) Importer(815301076,1909f56bfc062723c751e8b465ee728b)  -> (artifact id: '8ab01e31755a5673a851d08dea92ce91') in 0.014783 seconds 
========================================================================
Received Import Request.
  Time since last request: 0.000367 seconds.
  path: Assets/Scenes/Demo/Lightmap-0_comp_light.exr
  artifactKey: Guid(54e046641479ec7479c16a8580a3d1d1) Importer(815301076,1909f56bfc062723c751e8b465ee728b)
Start importing Assets/Scenes/Demo/Lightmap-0_comp_light.exr using Guid(54e046641479ec7479c16a8580a3d1d1) Importer(815301076,1909f56bfc062723c751e8b465ee728b)  -> (artifact id: '679af5aeac6b7482771ab5b801244254') in 0.014783 seconds 
========================================================================
Received Import Request.
  Time since last request: 0.000454 seconds.
  path: Assets/Scenes/Demo/Lightmap-3_comp_light.exr
  artifactKey: Guid(7ad8cc083f08b094baf68e1490a64dd0) Importer(815301076,1909f56bfc062723c751e8b465ee728b)
Start importing Assets/Scenes/Demo/Lightmap-3_comp_light.exr using Guid(7ad8cc083f08b094baf68e1490a64dd0) Importer(815301076,1909f56bfc062723c751e8b465ee728b)  -> (artifact id: '6fad05a4be3a00e6945dfd50b92b0839') in 0.015606 seconds 
========================================================================
Received Import Request.
  Time since last request: 37.146398 seconds.
  path: Assets/Project/Runtime/Textures/BreadTextures/AmeliaHat.png
  artifactKey: Guid(15dbad7ebad09f9428cd34c4cd21c27f) Importer(815301076,1909f56bfc062723c751e8b465ee728b)
Start importing Assets/Project/Runtime/Textures/BreadTextures/AmeliaHat.png using Guid(15dbad7ebad09f9428cd34c4cd21c27f) Importer(815301076,1909f56bfc062723c751e8b465ee728b)  -> (artifact id: '3d890459c11c419ba66c28505941e52a') in 0.013024 seconds 
========================================================================
Received Import Request.
  Time since last request: 105.977881 seconds.
  path: Assets/Project/Runtime/Textures/BreadTextures/KiaraBodyRibbon.png
  artifactKey: Guid(badfd65b26fd40b42b73b6725f9d3db4) Importer(815301076,1909f56bfc062723c751e8b465ee728b)
Start importing Assets/Project/Runtime/Textures/BreadTextures/KiaraBodyRibbon.png using Guid(badfd65b26fd40b42b73b6725f9d3db4) Importer(815301076,1909f56bfc062723c751e8b465ee728b)  -> (artifact id: 'c063072c2c5df833444903b35881e288') in 0.016262 seconds 
========================================================================
Received Import Request.
  Time since last request: 0.000456 seconds.
  path: Assets/Project/Runtime/Textures/BreadTextures/KiaraRibbon.png
  artifactKey: Guid(80cfed018647ebc42a9bdf4e62ebea99) Importer(815301076,1909f56bfc062723c751e8b465ee728b)
Start importing Assets/Project/Runtime/Textures/BreadTextures/KiaraRibbon.png using Guid(80cfed018647ebc42a9bdf4e62ebea99) Importer(815301076,1909f56bfc062723c751e8b465ee728b)  -> (artifact id: 'cea2deea3c134470d1c70ec844b675d2') in 0.013818 seconds 
========================================================================
Received Import Request.
  Time since last request: 0.000450 seconds.
  path: Assets/Project/Runtime/Textures/BreadTextures/KiaraHat.png
  artifactKey: Guid(914a0e30aff057d49b875b5ea7b97464) Importer(815301076,1909f56bfc062723c751e8b465ee728b)
Start importing Assets/Project/Runtime/Textures/BreadTextures/KiaraHat.png using Guid(914a0e30aff057d49b875b5ea7b97464) Importer(815301076,1909f56bfc062723c751e8b465ee728b)  -> (artifact id: '1761275f095a343c0c00375f9d49ee40') in 0.012697 seconds 
========================================================================
Received Import Request.
  Time since last request: 554.339611 seconds.
  path: Assets/Project/Runtime/Input/StarterAssetsInputs.cs
  artifactKey: Guid(e087ecce43ebbff45a1b360637807d93) Importer(815301076,1909f56bfc062723c751e8b465ee728b)
Start importing Assets/Project/Runtime/Input/StarterAssetsInputs.cs using Guid(e087ecce43ebbff45a1b360637807d93) Importer(815301076,1909f56bfc062723c751e8b465ee728b)  -> (artifact id: '87b41caee42b04be9588d3b800bdc105') in 0.020666 seconds 
AssetImportWorkerClient::OnTransportError - code=2 error=End of file
