Using pre-set license
Built from '2021.1/release' branch; Version is '2021.1.4f1 (4cd64a618c1b) revision 5035594'; Using compiler version '192528614'; Build Type 'Release'
OS: 'Windows 10 Home; OS build 19042.1052; Version 2009; 64bit' Language: 'en' Physical Memory: 16267 MB
BatchMode: 1, IsHumanControllingUs: 0, StartBugReporterOnCrash: 0, Is64bit: 1, IsPro: 0

 COMMAND LINE ARGUMENTS:
C:\Program Files\Unity\2021.1.4f1\Editor\Unity.exe
-adb2
-batchMode
-noUpm
-name
AssetImportWorker0
-projectPath
Z:/Unity Projects/WhereIsMyBread
-logFile
Logs/AssetImportWorker0.log
-srvPort
58775
Successfully changed project path to: Z:/Unity Projects/WhereIsMyBread
Z:/Unity Projects/WhereIsMyBread
Using Asset Import Pipeline V2.
Refreshing native plugins compatible for Editor in 121.30 ms, found 1 plugins.
Preloading 0 native plugins for Editor in 0.00 ms.
Initialize engine version: 2021.1.4f1 (4cd64a618c1b)
[Subsystems] Discovering subsystems at path C:/Program Files/Unity/2021.1.4f1/Editor/Data/Resources/UnitySubsystems
[Subsystems] Discovering subsystems at path Z:/Unity Projects/WhereIsMyBread/Assets
GfxDevice: creating device client; threaded=0; jobified=0
Direct3D:
    Version:  Direct3D 11.0 [level 11.1]
    Renderer: NVIDIA GeForce GTX 980 Ti (ID=0x17c8)
    Vendor:   NVIDIA
    VRAM:     6097 MB
    Driver:   27.21.14.6109
Initialize mono
Mono path[0] = 'C:/Program Files/Unity/2021.1.4f1/Editor/Data/Managed'
Mono path[1] = 'C:/Program Files/Unity/2021.1.4f1/Editor/Data/MonoBleedingEdge/lib/mono/unityjit'
Mono config path = 'C:/Program Files/Unity/2021.1.4f1/Editor/Data/MonoBleedingEdge/etc'
Using monoOptions --debugger-agent=transport=dt_socket,embedding=1,server=y,suspend=n,address=127.0.0.1:56068
Begin MonoManager ReloadAssembly
Registering precompiled unity dll's ...
Register platform support module: C:/Program Files/Unity/2021.1.4f1/Editor/Data/PlaybackEngines/WindowsStandaloneSupport/UnityEditor.WindowsStandalone.Extensions.dll
Registered in 0.003779 seconds.
Native extension for WindowsStandalone target not found
Refreshing native plugins compatible for Editor in 135.21 ms, found 1 plugins.
Preloading 0 native plugins for Editor in 0.00 ms.
Mono: successfully reloaded assembly
- Completed reload, in  2.022 seconds
Platform modules already initialized, skipping
Registering precompiled user dll's ...
Registered in 0.004411 seconds.
Begin MonoManager ReloadAssembly
Native extension for WindowsStandalone target not found
Refreshing native plugins compatible for Editor in 124.84 ms, found 1 plugins.
Preloading 0 native plugins for Editor in 0.00 ms.
Mono: successfully reloaded assembly
- Completed reload, in  1.502 seconds
Platform modules already initialized, skipping
========================================================================
Worker process is ready to serve import requests
Shader 'Universal Render Pipeline/Particles/Lit': fallback shader 'Universal Render Pipeline/Particles/SimpleLit' not found
Shader 'Universal Render Pipeline/Particles/Lit': fallback shader 'Universal Render Pipeline/Particles/SimpleLit' not found
Launched and connected shader compiler UnityShaderCompiler.exe after 0.06 seconds
Refreshing native plugins compatible for Editor in 0.74 ms, found 1 plugins.
Preloading 0 native plugins for Editor in 0.00 ms.
Unloading 3840 Unused Serialized files (Serialized files now loaded: 0)
System memory in use before: 152.8 MB.
System memory in use after: 150.1 MB.

Unloading 48 unused Assets to reduce memory usage. Loaded Objects now: 4258.
Total: 3.956200 ms (FindLiveObjects: 0.282800 ms CreateObjectMapping: 0.151700 ms MarkObjects: 2.170000 ms  DeleteObjects: 1.350000 ms)

========================================================================
Received Import Request.
  path: Assets/TutorialInfo
  artifactKey: Guid(49110bb8dcada46328ad741970bce702) Importer(815301076,1909f56bfc062723c751e8b465ee728b)
Start importing Assets/TutorialInfo using Guid(49110bb8dcada46328ad741970bce702) Importer(815301076,1909f56bfc062723c751e8b465ee728b)  -> (artifact id: '0db5885ea1274e1b4b34719808ef0755') in 0.015692 seconds 
========================================================================
Received Prepare
Registering precompiled user dll's ...
Registered in 0.005415 seconds.
Begin MonoManager ReloadAssembly
Native extension for WindowsStandalone target not found
Refreshing native plugins compatible for Editor in 0.76 ms, found 1 plugins.
Preloading 0 native plugins for Editor in 0.00 ms.
Mono: successfully reloaded assembly
- Completed reload, in  1.346 seconds
Platform modules already initialized, skipping
Shader 'Universal Render Pipeline/Particles/Lit': fallback shader 'Universal Render Pipeline/Particles/SimpleLit' not found
Shader 'Universal Render Pipeline/Particles/Lit': fallback shader 'Universal Render Pipeline/Particles/SimpleLit' not found
Refreshing native plugins compatible for Editor in 0.76 ms, found 1 plugins.
Preloading 0 native plugins for Editor in 0.00 ms.
Unloading 3763 Unused Serialized files (Serialized files now loaded: 0)
System memory in use before: 149.0 MB.
System memory in use after: 146.3 MB.

Unloading 45 unused Assets to reduce memory usage. Loaded Objects now: 4260.
Total: 3.912400 ms (FindLiveObjects: 0.462300 ms CreateObjectMapping: 0.172800 ms MarkObjects: 1.999300 ms  DeleteObjects: 1.275800 ms)

========================================================================
Received Import Request.
  Time since last request: 30.500660 seconds.
  path: Assets
  artifactKey: Guid(00000000000000001000000000000000) Importer(815301076,1909f56bfc062723c751e8b465ee728b)
Start importing Assets using Guid(00000000000000001000000000000000) Importer(815301076,1909f56bfc062723c751e8b465ee728b)  -> (artifact id: '9222b99937b918022a9cc33b6e833563') in 0.013909 seconds 
========================================================================
Received Import Request.
  Time since last request: 8.335658 seconds.
  path: Assets/Project
  artifactKey: Guid(01b12f3a5b1628c46aba85bed51e2915) Importer(815301076,1909f56bfc062723c751e8b465ee728b)
Start importing Assets/Project using Guid(01b12f3a5b1628c46aba85bed51e2915) Importer(815301076,1909f56bfc062723c751e8b465ee728b)  -> (artifact id: '4b1553364cec9f4a13a8aab409a5eb2c') in 0.009064 seconds 
========================================================================
Received Import Request.
  Time since last request: 14.713081 seconds.
  path: Assets/Project/External
  artifactKey: Guid(074ba6b48ea64c2439b07be3f134b2b8) Importer(815301076,1909f56bfc062723c751e8b465ee728b)
Start importing Assets/Project/External using Guid(074ba6b48ea64c2439b07be3f134b2b8) Importer(815301076,1909f56bfc062723c751e8b465ee728b)  -> (artifact id: '10497b64dfe1fdc49e48a83f3d12b527') in 0.008520 seconds 
========================================================================
Received Prepare
Registering precompiled user dll's ...
Registered in 0.004960 seconds.
Begin MonoManager ReloadAssembly
Native extension for WindowsStandalone target not found
Refreshing native plugins compatible for Editor in 0.80 ms, found 1 plugins.
Preloading 0 native plugins for Editor in 0.00 ms.
Mono: successfully reloaded assembly
- Completed reload, in  1.386 seconds
Platform modules already initialized, skipping
Shader 'Universal Render Pipeline/Particles/Lit': fallback shader 'Universal Render Pipeline/Particles/SimpleLit' not found
Shader 'Universal Render Pipeline/Particles/Lit': fallback shader 'Universal Render Pipeline/Particles/SimpleLit' not found
Refreshing native plugins compatible for Editor in 1.31 ms, found 1 plugins.
Preloading 0 native plugins for Editor in 0.00 ms.
Unloading 3773 Unused Serialized files (Serialized files now loaded: 0)
System memory in use before: 149.4 MB.
System memory in use after: 146.8 MB.

Unloading 47 unused Assets to reduce memory usage. Loaded Objects now: 4276.
Total: 6.800700 ms (FindLiveObjects: 0.433700 ms CreateObjectMapping: 0.450600 ms MarkObjects: 3.839400 ms  DeleteObjects: 2.075300 ms)

========================================================================
Received Prepare
Registering precompiled user dll's ...
Registered in 0.004202 seconds.
Begin MonoManager ReloadAssembly
Native extension for WindowsStandalone target not found
Refreshing native plugins compatible for Editor in 0.77 ms, found 1 plugins.
Preloading 0 native plugins for Editor in 0.00 ms.
Mono: successfully reloaded assembly
- Completed reload, in  1.278 seconds
Platform modules already initialized, skipping
Shader 'Universal Render Pipeline/Particles/Lit': fallback shader 'Universal Render Pipeline/Particles/SimpleLit' not found
Shader 'Universal Render Pipeline/Particles/Lit': fallback shader 'Universal Render Pipeline/Particles/SimpleLit' not found
Refreshing native plugins compatible for Editor in 0.92 ms, found 1 plugins.
Preloading 0 native plugins for Editor in 0.00 ms.
Unloading 3772 Unused Serialized files (Serialized files now loaded: 0)
System memory in use before: 149.4 MB.
System memory in use after: 146.8 MB.

Unloading 46 unused Assets to reduce memory usage. Loaded Objects now: 4279.
Total: 4.347300 ms (FindLiveObjects: 0.293000 ms CreateObjectMapping: 0.159700 ms MarkObjects: 1.994000 ms  DeleteObjects: 1.898400 ms)

========================================================================
Received Import Request.
  Time since last request: 199.687337 seconds.
  path: Assets/Plugins/Demigiant/DOTween
  artifactKey: Guid(8c7b3e42429349a42bd3149f6462f09d) Importer(815301076,1909f56bfc062723c751e8b465ee728b)
Start importing Assets/Plugins/Demigiant/DOTween using Guid(8c7b3e42429349a42bd3149f6462f09d) Importer(815301076,1909f56bfc062723c751e8b465ee728b)  -> (artifact id: 'c54b11d4aab9ec2b51681fed9c48eca0') in 0.016443 seconds 
========================================================================
Received Import Request.
  Time since last request: 0.888528 seconds.
  path: Assets/Plugins/Demigiant
  artifactKey: Guid(586b08a0cb6a9ef4ab5ac1f5a9985ab1) Importer(815301076,1909f56bfc062723c751e8b465ee728b)
Start importing Assets/Plugins/Demigiant using Guid(586b08a0cb6a9ef4ab5ac1f5a9985ab1) Importer(815301076,1909f56bfc062723c751e8b465ee728b)  -> (artifact id: '1cd479a63ecc02562a837d8c543cf580') in 0.008304 seconds 
========================================================================
Received Import Request.
  Time since last request: 3.600021 seconds.
  path: Assets/Plugins
  artifactKey: Guid(ff721f0ae14c7ad4ab79a026ae0a6c08) Importer(815301076,1909f56bfc062723c751e8b465ee728b)
Start importing Assets/Plugins using Guid(ff721f0ae14c7ad4ab79a026ae0a6c08) Importer(815301076,1909f56bfc062723c751e8b465ee728b)  -> (artifact id: 'db476810f5c33fad8842bd2687d24785') in 0.008173 seconds 
========================================================================
Received Prepare
Registering precompiled user dll's ...
Registered in 0.004929 seconds.
Begin MonoManager ReloadAssembly
Native extension for WindowsStandalone target not found
Refreshing native plugins compatible for Editor in 1.70 ms, found 1 plugins.
Preloading 0 native plugins for Editor in 0.00 ms.
Mono: successfully reloaded assembly
- Completed reload, in  1.546 seconds
Platform modules already initialized, skipping
Shader 'Universal Render Pipeline/Particles/Lit': fallback shader 'Universal Render Pipeline/Particles/SimpleLit' not found
Shader 'Universal Render Pipeline/Particles/Lit': fallback shader 'Universal Render Pipeline/Particles/SimpleLit' not found
Refreshing native plugins compatible for Editor in 1.21 ms, found 1 plugins.
Preloading 0 native plugins for Editor in 0.00 ms.
Unloading 3772 Unused Serialized files (Serialized files now loaded: 0)
System memory in use before: 149.4 MB.
System memory in use after: 146.8 MB.

Unloading 46 unused Assets to reduce memory usage. Loaded Objects now: 4282.
Total: 4.149700 ms (FindLiveObjects: 0.301700 ms CreateObjectMapping: 0.161600 ms MarkObjects: 2.160100 ms  DeleteObjects: 1.524300 ms)

========================================================================
Received Prepare
Registering precompiled user dll's ...
Registered in 0.006310 seconds.
Begin MonoManager ReloadAssembly
Native extension for WindowsStandalone target not found
Refreshing native plugins compatible for Editor in 1.02 ms, found 1 plugins.
Preloading 0 native plugins for Editor in 0.00 ms.
[ScriptCompilation] NOT recompiling all scripts because this is an import worker process. Reason to compile was: Define symbols changed
Failed to find Mirror runtime assembly
UnityEngine.StackTraceUtility:ExtractStackTrace ()
UnityEngine.DebugLogHandler:LogFormat (UnityEngine.LogType,UnityEngine.Object,string,object[])
UnityEngine.Logger:Log (UnityEngine.LogType,object)
UnityEngine.Debug:LogError (object)
Mirror.Weaver.CompilationFinishedHook:OnCompilationFinished (string,UnityEditor.Compilation.CompilerMessage[]) (at Assets/Mirror/Editor/Weaver/CompilationFinishedHook.cs:116)
Mirror.Weaver.CompilationFinishedHook:WeaveExistingAssemblies () (at Assets/Mirror/Editor/Weaver/CompilationFinishedHook.cs:62)
Mirror.Weaver.CompilationFinishedHook:OnInitializeOnLoad () (at Assets/Mirror/Editor/Weaver/CompilationFinishedHook.cs:52)

(Filename: Assets/Mirror/Editor/Weaver/CompilationFinishedHook.cs Line: 116)

Failed to find Mirror runtime assembly
UnityEngine.StackTraceUtility:ExtractStackTrace ()
UnityEngine.DebugLogHandler:LogFormat (UnityEngine.LogType,UnityEngine.Object,string,object[])
UnityEngine.Logger:Log (UnityEngine.LogType,object)
UnityEngine.Debug:LogError (object)
Mirror.Weaver.CompilationFinishedHook:OnCompilationFinished (string,UnityEditor.Compilation.CompilerMessage[]) (at Assets/Mirror/Editor/Weaver/CompilationFinishedHook.cs:116)
Mirror.Weaver.CompilationFinishedHook:WeaveExistingAssemblies () (at Assets/Mirror/Editor/Weaver/CompilationFinishedHook.cs:62)
Mirror.Weaver.CompilationFinishedHook:OnInitializeOnLoad () (at Assets/Mirror/Editor/Weaver/CompilationFinishedHook.cs:52)

(Filename: Assets/Mirror/Editor/Weaver/CompilationFinishedHook.cs Line: 116)

Failed to find Mirror runtime assembly
UnityEngine.StackTraceUtility:ExtractStackTrace ()
UnityEngine.DebugLogHandler:LogFormat (UnityEngine.LogType,UnityEngine.Object,string,object[])
UnityEngine.Logger:Log (UnityEngine.LogType,object)
UnityEngine.Debug:LogError (object)
Mirror.Weaver.CompilationFinishedHook:OnCompilationFinished (string,UnityEditor.Compilation.CompilerMessage[]) (at Assets/Mirror/Editor/Weaver/CompilationFinishedHook.cs:116)
Mirror.Weaver.CompilationFinishedHook:WeaveExistingAssemblies () (at Assets/Mirror/Editor/Weaver/CompilationFinishedHook.cs:62)
Mirror.Weaver.CompilationFinishedHook:OnInitializeOnLoad () (at Assets/Mirror/Editor/Weaver/CompilationFinishedHook.cs:52)

(Filename: Assets/Mirror/Editor/Weaver/CompilationFinishedHook.cs Line: 116)

Failed to find Mirror runtime assembly
UnityEngine.StackTraceUtility:ExtractStackTrace ()
UnityEngine.DebugLogHandler:LogFormat (UnityEngine.LogType,UnityEngine.Object,string,object[])
UnityEngine.Logger:Log (UnityEngine.LogType,object)
UnityEngine.Debug:LogError (object)
Mirror.Weaver.CompilationFinishedHook:OnCompilationFinished (string,UnityEditor.Compilation.CompilerMessage[]) (at Assets/Mirror/Editor/Weaver/CompilationFinishedHook.cs:116)
Mirror.Weaver.CompilationFinishedHook:WeaveExistingAssemblies () (at Assets/Mirror/Editor/Weaver/CompilationFinishedHook.cs:62)
Mirror.Weaver.CompilationFinishedHook:OnInitializeOnLoad () (at Assets/Mirror/Editor/Weaver/CompilationFinishedHook.cs:52)

(Filename: Assets/Mirror/Editor/Weaver/CompilationFinishedHook.cs Line: 116)

Mono: successfully reloaded assembly
- Completed reload, in  1.728 seconds
Platform modules already initialized, skipping
Shader 'Universal Render Pipeline/Particles/Lit': fallback shader 'Universal Render Pipeline/Particles/SimpleLit' not found
Shader 'Universal Render Pipeline/Particles/Lit': fallback shader 'Universal Render Pipeline/Particles/SimpleLit' not found
Refreshing native plugins compatible for Editor in 0.86 ms, found 1 plugins.
Preloading 0 native plugins for Editor in 0.00 ms.
Unloading 4032 Unused Serialized files (Serialized files now loaded: 0)
System memory in use before: 157.2 MB.
System memory in use after: 154.5 MB.

Unloading 51 unused Assets to reduce memory usage. Loaded Objects now: 4540.
Total: 4.077200 ms (FindLiveObjects: 0.328300 ms CreateObjectMapping: 0.169400 ms MarkObjects: 2.287500 ms  DeleteObjects: 1.290200 ms)

========================================================================
Received Import Request.
  Time since last request: 390.209946 seconds.
  path: Assets/Materials
  artifactKey: Guid(d0234ba368eeec9418390da711bfdad0) Importer(815301076,1909f56bfc062723c751e8b465ee728b)
Start importing Assets/Materials using Guid(d0234ba368eeec9418390da711bfdad0) Importer(815301076,1909f56bfc062723c751e8b465ee728b)  -> (artifact id: 'b69c305c1e5cace511846e56017ddb5f') in 0.016805 seconds 
========================================================================
Received Import Request.
  Time since last request: 0.517095 seconds.
  path: Assets/Mirror
  artifactKey: Guid(5cf8eb36be0834b3da408c694a41cb88) Importer(815301076,1909f56bfc062723c751e8b465ee728b)
Start importing Assets/Mirror using Guid(5cf8eb36be0834b3da408c694a41cb88) Importer(815301076,1909f56bfc062723c751e8b465ee728b)  -> (artifact id: '22e497e0b31b00c86395a7fe4e642dc5') in 0.008770 seconds 
========================================================================
Received Import Request.
  Time since last request: 6.851236 seconds.
  path: Assets/ExampleAssets/Models/brush_low.fbx
  artifactKey: Guid(aed8c47425ab91f4eb06ce6fe47c3e4e) Importer(815301076,1909f56bfc062723c751e8b465ee728b)
Start importing Assets/ExampleAssets/Models/brush_low.fbx using Guid(aed8c47425ab91f4eb06ce6fe47c3e4e) Importer(815301076,1909f56bfc062723c751e8b465ee728b)  -> (artifact id: 'a03b770b7c212350097f137a446832b4') in 1.337390 seconds 
========================================================================
Received Import Request.
  Time since last request: 0.000476 seconds.
  path: Assets/ExampleAssets/Models/Stud.fbx
  artifactKey: Guid(34624edaccd9d704a95ed404d919b492) Importer(815301076,1909f56bfc062723c751e8b465ee728b)
Start importing Assets/ExampleAssets/Models/Stud.fbx using Guid(34624edaccd9d704a95ed404d919b492) Importer(815301076,1909f56bfc062723c751e8b465ee728b)  -> (artifact id: '0e157396c0fa5cecbff6a21a02f6e816') in 0.044111 seconds 
========================================================================
Received Import Request.
  Time since last request: 0.000464 seconds.
  path: Assets/ExampleAssets/Models/safetyhat_low.fbx
  artifactKey: Guid(9d0d902f71acfe646a46cb625f815a49) Importer(815301076,1909f56bfc062723c751e8b465ee728b)
Start importing Assets/ExampleAssets/Models/safetyhat_low.fbx using Guid(9d0d902f71acfe646a46cb625f815a49) Importer(815301076,1909f56bfc062723c751e8b465ee728b)  -> (artifact id: 'aa2873684740d0078bb02c60f35a3a08') in 0.028307 seconds 
========================================================================
Received Import Request.
  Time since last request: 1.752278 seconds.
  path: Assets/ExampleAssets
  artifactKey: Guid(990f5c2df70993f4987a388ca178996a) Importer(815301076,1909f56bfc062723c751e8b465ee728b)
Start importing Assets/ExampleAssets using Guid(990f5c2df70993f4987a388ca178996a) Importer(815301076,1909f56bfc062723c751e8b465ee728b)  -> (artifact id: 'f55f1fa791f1cc8703356acea7dd16f2') in 0.010992 seconds 
========================================================================
Received Prepare
Registering precompiled user dll's ...
Registered in 0.007063 seconds.
Begin MonoManager ReloadAssembly
Native extension for WindowsStandalone target not found
Refreshing native plugins compatible for Editor in 0.85 ms, found 1 plugins.
Preloading 0 native plugins for Editor in 0.00 ms.
[ScriptCompilation] NOT recompiling all scripts because this is an import worker process. Reason to compile was: Define symbols changed
Mono: successfully reloaded assembly
- Completed reload, in  1.557 seconds
Platform modules already initialized, skipping
Shader 'Universal Render Pipeline/Particles/Lit': fallback shader 'Universal Render Pipeline/Particles/SimpleLit' not found
Shader 'Universal Render Pipeline/Particles/Lit': fallback shader 'Universal Render Pipeline/Particles/SimpleLit' not found
Refreshing native plugins compatible for Editor in 0.86 ms, found 1 plugins.
Preloading 0 native plugins for Editor in 0.00 ms.
Unloading 4032 Unused Serialized files (Serialized files now loaded: 0)
System memory in use before: 164.2 MB.
System memory in use after: 161.6 MB.

Unloading 51 unused Assets to reduce memory usage. Loaded Objects now: 4626.
Total: 4.615800 ms (FindLiveObjects: 0.457100 ms CreateObjectMapping: 0.205300 ms MarkObjects: 2.592900 ms  DeleteObjects: 1.358900 ms)

========================================================================
Received Import Request.
  Time since last request: 51.452466 seconds.
  path: Assets/Project/External/ScriptTemplates
  artifactKey: Guid(8c00361129d75a941a732ef88e326a4f) Importer(815301076,1909f56bfc062723c751e8b465ee728b)
Start importing Assets/Project/External/ScriptTemplates using Guid(8c00361129d75a941a732ef88e326a4f) Importer(815301076,1909f56bfc062723c751e8b465ee728b)  -> (artifact id: '7c6b0de8a063e6aaaeaa741358a42c7c') in 0.013683 seconds 
========================================================================
Received Import Request.
  Time since last request: 365.885231 seconds.
  path: Assets/Project/External/Gridbox Prototype Materials
  artifactKey: Guid(b51eca44f506774409beb4261aae00a3) Importer(815301076,1909f56bfc062723c751e8b465ee728b)
Start importing Assets/Project/External/Gridbox Prototype Materials using Guid(b51eca44f506774409beb4261aae00a3) Importer(815301076,1909f56bfc062723c751e8b465ee728b)  -> (artifact id: '906a17d5b6884147313bdd40d71a2324') in 0.008597 seconds 
========================================================================
Received Import Request.
  Time since last request: 1.924709 seconds.
  path: Assets/Thirdparty
  artifactKey: Guid(a70fb0f831e4dec419d7490177f181b9) Importer(815301076,1909f56bfc062723c751e8b465ee728b)
Start importing Assets/Thirdparty using Guid(a70fb0f831e4dec419d7490177f181b9) Importer(815301076,1909f56bfc062723c751e8b465ee728b)  -> (artifact id: '3c0f301d1a1995dab36bf218954d8f04') in 0.008263 seconds 
========================================================================
Received Import Request.
  Time since last request: 4.100213 seconds.
  path: Assets/Scripts
  artifactKey: Guid(02a3527b6b33a924e8ec66aa805ea717) Importer(815301076,1909f56bfc062723c751e8b465ee728b)
Start importing Assets/Scripts using Guid(02a3527b6b33a924e8ec66aa805ea717) Importer(815301076,1909f56bfc062723c751e8b465ee728b)  -> (artifact id: '8513d5133c47c847d15a77a572c5736c') in 0.007982 seconds 
========================================================================
Received Import Request.
  Time since last request: 2.502920 seconds.
  path: Assets/Scripts/SimpleCameraController.cs
  artifactKey: Guid(be76e5f14cfee674cb30b491fb72b09b) Importer(815301076,1909f56bfc062723c751e8b465ee728b)
Start importing Assets/Scripts/SimpleCameraController.cs using Guid(be76e5f14cfee674cb30b491fb72b09b) Importer(815301076,1909f56bfc062723c751e8b465ee728b)  -> (artifact id: '0a1f152a8c0fb4427132580154f9552a') in 0.024890 seconds 
========================================================================
Received Prepare
Registering precompiled user dll's ...
Registered in 0.008001 seconds.
Begin MonoManager ReloadAssembly
Native extension for WindowsStandalone target not found
Refreshing native plugins compatible for Editor in 0.91 ms, found 1 plugins.
Preloading 0 native plugins for Editor in 0.00 ms.
Mono: successfully reloaded assembly
- Completed reload, in  1.306 seconds
Platform modules already initialized, skipping
Shader 'Universal Render Pipeline/Particles/Lit': fallback shader 'Universal Render Pipeline/Particles/SimpleLit' not found
Shader 'Universal Render Pipeline/Particles/Lit': fallback shader 'Universal Render Pipeline/Particles/SimpleLit' not found
Refreshing native plugins compatible for Editor in 0.86 ms, found 1 plugins.
Preloading 0 native plugins for Editor in 0.00 ms.
Unloading 4031 Unused Serialized files (Serialized files now loaded: 0)
System memory in use before: 164.2 MB.
System memory in use after: 161.5 MB.

Unloading 52 unused Assets to reduce memory usage. Loaded Objects now: 4628.
Total: 4.271000 ms (FindLiveObjects: 0.394200 ms CreateObjectMapping: 0.208100 ms MarkObjects: 2.269700 ms  DeleteObjects: 1.397200 ms)

========================================================================
Received Prepare
Registering precompiled user dll's ...
Registered in 0.006265 seconds.
Begin MonoManager ReloadAssembly
Native extension for WindowsStandalone target not found
Refreshing native plugins compatible for Editor in 5.25 ms, found 1 plugins.
Preloading 0 native plugins for Editor in 0.00 ms.
Mono: successfully reloaded assembly
- Completed reload, in  6.775 seconds
Platform modules already initialized, skipping
Shader 'Universal Render Pipeline/Particles/Lit': fallback shader 'Universal Render Pipeline/Particles/SimpleLit' not found
Shader 'Universal Render Pipeline/Particles/Lit': fallback shader 'Universal Render Pipeline/Particles/SimpleLit' not found
Refreshing native plugins compatible for Editor in 1.54 ms, found 1 plugins.
Preloading 0 native plugins for Editor in 0.00 ms.
Unloading 4044 Unused Serialized files (Serialized files now loaded: 0)
System memory in use before: 164.5 MB.
System memory in use after: 161.8 MB.

Unloading 51 unused Assets to reduce memory usage. Loaded Objects now: 4644.
Total: 7.860900 ms (FindLiveObjects: 0.594700 ms CreateObjectMapping: 0.280600 ms MarkObjects: 5.383200 ms  DeleteObjects: 1.599500 ms)

========================================================================
Received Import Request.
  Time since last request: 367.294850 seconds.
  path: Assets/ParrelSync
  artifactKey: Guid(2739caeae15c82940a97a934ae6f724d) Importer(815301076,1909f56bfc062723c751e8b465ee728b)
Start importing Assets/ParrelSync using Guid(2739caeae15c82940a97a934ae6f724d) Importer(815301076,1909f56bfc062723c751e8b465ee728b)  -> (artifact id: '71ea90215229746319d4a76ab35f37c4') in 0.013156 seconds 
========================================================================
Received Prepare
Registering precompiled user dll's ...
Registered in 0.006300 seconds.
Begin MonoManager ReloadAssembly
Native extension for WindowsStandalone target not found
Refreshing native plugins compatible for Editor in 0.90 ms, found 1 plugins.
Preloading 0 native plugins for Editor in 0.00 ms.
Mono: successfully reloaded assembly
- Completed reload, in  1.375 seconds
Platform modules already initialized, skipping
Shader 'Universal Render Pipeline/Particles/Lit': fallback shader 'Universal Render Pipeline/Particles/SimpleLit' not found
Shader 'Universal Render Pipeline/Particles/Lit': fallback shader 'Universal Render Pipeline/Particles/SimpleLit' not found
Refreshing native plugins compatible for Editor in 0.86 ms, found 1 plugins.
Preloading 0 native plugins for Editor in 0.00 ms.
Unloading 4044 Unused Serialized files (Serialized files now loaded: 0)
System memory in use before: 164.5 MB.
System memory in use after: 161.8 MB.

Unloading 51 unused Assets to reduce memory usage. Loaded Objects now: 4647.
Total: 4.175000 ms (FindLiveObjects: 0.320600 ms CreateObjectMapping: 0.168900 ms MarkObjects: 2.235400 ms  DeleteObjects: 1.448500 ms)

========================================================================
Received Prepare
Registering precompiled user dll's ...
Registered in 0.006437 seconds.
Begin MonoManager ReloadAssembly
Native extension for WindowsStandalone target not found
Refreshing native plugins compatible for Editor in 0.91 ms, found 1 plugins.
Preloading 0 native plugins for Editor in 0.00 ms.
Mono: successfully reloaded assembly
- Completed reload, in  1.304 seconds
Platform modules already initialized, skipping
Shader 'Universal Render Pipeline/Particles/Lit': fallback shader 'Universal Render Pipeline/Particles/SimpleLit' not found
Shader 'Universal Render Pipeline/Particles/Lit': fallback shader 'Universal Render Pipeline/Particles/SimpleLit' not found
Refreshing native plugins compatible for Editor in 0.86 ms, found 1 plugins.
Preloading 0 native plugins for Editor in 0.00 ms.
Unloading 4051 Unused Serialized files (Serialized files now loaded: 0)
System memory in use before: 164.6 MB.
System memory in use after: 162.0 MB.

Unloading 51 unused Assets to reduce memory usage. Loaded Objects now: 4657.
Total: 4.739300 ms (FindLiveObjects: 0.421900 ms CreateObjectMapping: 0.343900 ms MarkObjects: 2.505500 ms  DeleteObjects: 1.466700 ms)

========================================================================
Received Import Request.
  Time since last request: 351.777120 seconds.
  path: Assets/Project/External/Project.External.asmdef
  artifactKey: Guid(451fc5bfd62ae4f498b093fd4b24df4e) Importer(815301076,1909f56bfc062723c751e8b465ee728b)
Start importing Assets/Project/External/Project.External.asmdef using Guid(451fc5bfd62ae4f498b093fd4b24df4e) Importer(815301076,1909f56bfc062723c751e8b465ee728b)  -> (artifact id: '8524c7989ed1a9ce85f85046b623c395') in 0.019828 seconds 
========================================================================
Received Prepare
Registering precompiled user dll's ...
Registered in 0.006096 seconds.
Begin MonoManager ReloadAssembly
Native extension for WindowsStandalone target not found
Refreshing native plugins compatible for Editor in 0.92 ms, found 1 plugins.
Preloading 0 native plugins for Editor in 0.00 ms.
Mono: successfully reloaded assembly
- Completed reload, in  1.267 seconds
Platform modules already initialized, skipping
Shader 'Universal Render Pipeline/Particles/Lit': fallback shader 'Universal Render Pipeline/Particles/SimpleLit' not found
Shader 'Universal Render Pipeline/Particles/Lit': fallback shader 'Universal Render Pipeline/Particles/SimpleLit' not found
Refreshing native plugins compatible for Editor in 0.84 ms, found 1 plugins.
Preloading 0 native plugins for Editor in 0.00 ms.
Unloading 4051 Unused Serialized files (Serialized files now loaded: 0)
System memory in use before: 164.7 MB.
System memory in use after: 162.0 MB.

Unloading 51 unused Assets to reduce memory usage. Loaded Objects now: 4660.
Total: 5.021700 ms (FindLiveObjects: 0.435300 ms CreateObjectMapping: 0.388900 ms MarkObjects: 2.754100 ms  DeleteObjects: 1.442100 ms)

========================================================================
Received Import Request.
  Time since last request: 83.162618 seconds.
  path: Assets/Project/Editor
  artifactKey: Guid(59c0fa214a1cf5d4ba3aa579001c7ed3) Importer(815301076,1909f56bfc062723c751e8b465ee728b)
Start importing Assets/Project/Editor using Guid(59c0fa214a1cf5d4ba3aa579001c7ed3) Importer(815301076,1909f56bfc062723c751e8b465ee728b)  -> (artifact id: '5d0eb7b1972510bb6d22a3af7ab964b0') in 0.013033 seconds 
========================================================================
Received Import Request.
  Time since last request: 4.939137 seconds.
  path: Assets/Project/Runtime
  artifactKey: Guid(82213e10d77acac42990fc1a59005565) Importer(815301076,1909f56bfc062723c751e8b465ee728b)
Start importing Assets/Project/Runtime using Guid(82213e10d77acac42990fc1a59005565) Importer(815301076,1909f56bfc062723c751e8b465ee728b)  -> (artifact id: '24abea8a7fe77b66d27562ea64b73271') in 0.007939 seconds 
========================================================================
Received Import Request.
  Time since last request: 63.080158 seconds.
  path: Assets/Project/External/Gridbox Prototype Materials/Resources/Materials/Skybox/Skybox Golden.mat
  artifactKey: Guid(3dd17ef8b3eba264ea4b016ffd09e334) Importer(815301076,1909f56bfc062723c751e8b465ee728b)
Start importing Assets/Project/External/Gridbox Prototype Materials/Resources/Materials/Skybox/Skybox Golden.mat using Guid(3dd17ef8b3eba264ea4b016ffd09e334) Importer(815301076,1909f56bfc062723c751e8b465ee728b)  -> (artifact id: 'b91a668a56860d14666bfec41a4c3f5b') in 0.505132 seconds 
========================================================================
Received Import Request.
  Time since last request: 0.000378 seconds.
  path: Assets/Project/External/Gridbox Prototype Materials/Resources/Materials/Skybox/Skybox Pink.mat
  artifactKey: Guid(e1466517f0324e543bdaa4af82c4cad0) Importer(815301076,1909f56bfc062723c751e8b465ee728b)
Start importing Assets/Project/External/Gridbox Prototype Materials/Resources/Materials/Skybox/Skybox Pink.mat using Guid(e1466517f0324e543bdaa4af82c4cad0) Importer(815301076,1909f56bfc062723c751e8b465ee728b)  -> (artifact id: '0bec25293f47a32677d881f860e185d7') in 0.019096 seconds 
========================================================================
Received Import Request.
  Time since last request: 0.000397 seconds.
  path: Assets/Project/External/Gridbox Prototype Materials/Resources/Materials/Skybox/Skybox Grey.mat
  artifactKey: Guid(32be28fd0faea1641aff7ddbf194bb6a) Importer(815301076,1909f56bfc062723c751e8b465ee728b)
Start importing Assets/Project/External/Gridbox Prototype Materials/Resources/Materials/Skybox/Skybox Grey.mat using Guid(32be28fd0faea1641aff7ddbf194bb6a) Importer(815301076,1909f56bfc062723c751e8b465ee728b)  -> (artifact id: 'f1696e84f6b58d5576f9aeff96a5e565') in 0.017742 seconds 
========================================================================
Received Import Request.
  Time since last request: 0.000414 seconds.
  path: Assets/Project/External/Mirror/Examples/Tanks/Models/(Public Domain) Recon_Tank/TankMaterial.mat
  artifactKey: Guid(2e67e42170aa64aa9a33424f8045ac89) Importer(815301076,1909f56bfc062723c751e8b465ee728b)
Start importing Assets/Project/External/Mirror/Examples/Tanks/Models/(Public Domain) Recon_Tank/TankMaterial.mat using Guid(2e67e42170aa64aa9a33424f8045ac89) Importer(815301076,1909f56bfc062723c751e8b465ee728b)  -> (artifact id: '394152abe492d2db77cd6af73a0d634a') in 0.060103 seconds 
========================================================================
Received Import Request.
  Time since last request: 0.000299 seconds.
  path: Assets/Project/External/Mirror/Examples/Benchmark/Materials/White.mat
  artifactKey: Guid(ff8f106e5c9e34da28ad9cee6edb2255) Importer(815301076,1909f56bfc062723c751e8b465ee728b)
Start importing Assets/Project/External/Mirror/Examples/Benchmark/Materials/White.mat using Guid(ff8f106e5c9e34da28ad9cee6edb2255) Importer(815301076,1909f56bfc062723c751e8b465ee728b)  -> (artifact id: '652c345e96d5988292f6eb37869f05dd') in 0.057918 seconds 
========================================================================
Received Import Request.
  Time since last request: 0.000328 seconds.
  path: Assets/Materials/Skybox_Mat.mat
  artifactKey: Guid(0ffaa0b7117ba8c47a9d05ae701d4b4d) Importer(815301076,1909f56bfc062723c751e8b465ee728b)
Start importing Assets/Materials/Skybox_Mat.mat using Guid(0ffaa0b7117ba8c47a9d05ae701d4b4d) Importer(815301076,1909f56bfc062723c751e8b465ee728b)  -> (artifact id: 'ecf7f2c7042de3a3e1c2978a2baf74cc') in 0.024508 seconds 
========================================================================
Received Import Request.
  Time since last request: 0.000401 seconds.
  path: Assets/Project/External/Mirror/Examples/AdditiveScenes/Materials/Zone.mat
  artifactKey: Guid(a7c679cf124f7ae46a0291ea35848554) Importer(815301076,1909f56bfc062723c751e8b465ee728b)
Start importing Assets/Project/External/Mirror/Examples/AdditiveScenes/Materials/Zone.mat using Guid(a7c679cf124f7ae46a0291ea35848554) Importer(815301076,1909f56bfc062723c751e8b465ee728b)  -> (artifact id: '2fd9eae230f79906e5528b00656b06f1') in 0.051427 seconds 
========================================================================
Received Import Request.
  Time since last request: 0.000308 seconds.
  path: Assets/Project/External/Gridbox Prototype Materials/Resources/Materials/Prototype Grid/Prototype_512x512_Red.mat
  artifactKey: Guid(5a26de236ce89e94b963be8fa2b7ade6) Importer(815301076,1909f56bfc062723c751e8b465ee728b)
Start importing Assets/Project/External/Gridbox Prototype Materials/Resources/Materials/Prototype Grid/Prototype_512x512_Red.mat using Guid(5a26de236ce89e94b963be8fa2b7ade6) Importer(815301076,1909f56bfc062723c751e8b465ee728b)  -> (artifact id: 'a4dab1f5f356d4f214de5339d47e1564') in 0.050648 seconds 
========================================================================
Received Import Request.
  Time since last request: 0.000363 seconds.
  path: Assets/Project/External/Mirror/Examples/AdditiveScenes/Materials/Quad.mat
  artifactKey: Guid(6eb3f3ba66756364d8b94e662e7e8af5) Importer(815301076,1909f56bfc062723c751e8b465ee728b)
Start importing Assets/Project/External/Mirror/Examples/AdditiveScenes/Materials/Quad.mat using Guid(6eb3f3ba66756364d8b94e662e7e8af5) Importer(815301076,1909f56bfc062723c751e8b465ee728b)  -> (artifact id: '861fb0f7812857042355183093179642') in 0.015509 seconds 
========================================================================
Received Import Request.
  Time since last request: 0.000397 seconds.
  path: Assets/Project/External/Mirror/Examples/Tanks/Models/(Public Domain) Recon_Tank/reconTank.fbx
  artifactKey: Guid(38b49695fc0a4418bbc350f2366660c5) Importer(815301076,1909f56bfc062723c751e8b465ee728b)
Start importing Assets/Project/External/Mirror/Examples/Tanks/Models/(Public Domain) Recon_Tank/reconTank.fbx using Guid(38b49695fc0a4418bbc350f2366660c5) Importer(815301076,1909f56bfc062723c751e8b465ee728b)  -> (artifact id: '4bc4d9b931258edeb3f02457907d6011') in 0.075959 seconds 
========================================================================
Received Import Request.
  Time since last request: 0.000322 seconds.
  path: Assets/Project/External/Gridbox Prototype Materials/Resources/Materials/Prototype Grid/Prototype_512x512_Blue1.mat
  artifactKey: Guid(663834164c6a04740aaa1b778249ce7e) Importer(815301076,1909f56bfc062723c751e8b465ee728b)
Start importing Assets/Project/External/Gridbox Prototype Materials/Resources/Materials/Prototype Grid/Prototype_512x512_Blue1.mat using Guid(663834164c6a04740aaa1b778249ce7e) Importer(815301076,1909f56bfc062723c751e8b465ee728b)  -> (artifact id: '37fed872d06611bbaf9101d74455d5a8') in 0.015366 seconds 
========================================================================
Received Import Request.
  Time since last request: 0.000380 seconds.
  path: Assets/Project/External/Mirror/Examples/MultipleAdditiveScenes/Materials/Render/PlayArea.mat
  artifactKey: Guid(42fe0bcfbb65da3429ae2c289686e024) Importer(815301076,1909f56bfc062723c751e8b465ee728b)
Start importing Assets/Project/External/Mirror/Examples/MultipleAdditiveScenes/Materials/Render/PlayArea.mat using Guid(42fe0bcfbb65da3429ae2c289686e024) Importer(815301076,1909f56bfc062723c751e8b465ee728b)  -> (artifact id: '4680aae84efbfa1af91799157bf1c031') in 0.015477 seconds 
========================================================================
Received Import Request.
  Time since last request: 0.000467 seconds.
  path: Assets/Project/External/Mirror/Examples/AdditiveScenes/Materials/Player.mat
  artifactKey: Guid(792117fe9a386a8489e8010bec746339) Importer(815301076,1909f56bfc062723c751e8b465ee728b)
Start importing Assets/Project/External/Mirror/Examples/AdditiveScenes/Materials/Player.mat using Guid(792117fe9a386a8489e8010bec746339) Importer(815301076,1909f56bfc062723c751e8b465ee728b)  -> (artifact id: '0184b045363f5663238133f82cbc20da') in 0.014026 seconds 
========================================================================
Received Import Request.
  Time since last request: 0.000480 seconds.
  path: Assets/Project/External/Mirror/Examples/Room/Materials/Player.mat
  artifactKey: Guid(ac64a68d9ea8fa9459ff2f158065c1d0) Importer(815301076,1909f56bfc062723c751e8b465ee728b)
Start importing Assets/Project/External/Mirror/Examples/Room/Materials/Player.mat using Guid(ac64a68d9ea8fa9459ff2f158065c1d0) Importer(815301076,1909f56bfc062723c751e8b465ee728b)  -> (artifact id: '90f223240b7ea405c47d37f78b4a9dc5') in 0.008094 seconds 
========================================================================
Received Import Request.
  Time since last request: 0.000406 seconds.
  path: Assets/Project/External/Mirror/Examples/Room/Materials/PlayArea.mat
  artifactKey: Guid(3201636fa507dad448e9a36d66a80825) Importer(815301076,1909f56bfc062723c751e8b465ee728b)
Start importing Assets/Project/External/Mirror/Examples/Room/Materials/PlayArea.mat using Guid(3201636fa507dad448e9a36d66a80825) Importer(815301076,1909f56bfc062723c751e8b465ee728b)  -> (artifact id: '5138a7e3ee8c61951a9a2d3d6e448a6d') in 0.009417 seconds 
========================================================================
Received Import Request.
  Time since last request: 0.000410 seconds.
  path: Assets/Project/External/Mirror/Examples/MultipleAdditiveScenes/Materials/Render/Prize.mat
  artifactKey: Guid(2becd2014627a774e9e8f668f281f1d2) Importer(815301076,1909f56bfc062723c751e8b465ee728b)
Start importing Assets/Project/External/Mirror/Examples/MultipleAdditiveScenes/Materials/Render/Prize.mat using Guid(2becd2014627a774e9e8f668f281f1d2) Importer(815301076,1909f56bfc062723c751e8b465ee728b)  -> (artifact id: 'f395fb207226b5b01d615e04211aac15') in 0.013367 seconds 
========================================================================
Received Import Request.
  Time since last request: 0.000466 seconds.
  path: Assets/Project/External/Gridbox Prototype Materials/Resources/Materials/Prototype Grid/Prototype_512x512_White.mat
  artifactKey: Guid(aeee7071bea0a4c478b4fea5933c5f79) Importer(815301076,1909f56bfc062723c751e8b465ee728b)
Start importing Assets/Project/External/Gridbox Prototype Materials/Resources/Materials/Prototype Grid/Prototype_512x512_White.mat using Guid(aeee7071bea0a4c478b4fea5933c5f79) Importer(815301076,1909f56bfc062723c751e8b465ee728b)  -> (artifact id: '53f2cfba6f9b805853f0e9eec35d0ae7') in 0.014372 seconds 
========================================================================
Received Import Request.
  Time since last request: 0.000391 seconds.
  path: Assets/Project/External/Mirror/Examples/Room/Materials/Prize.mat
  artifactKey: Guid(a1d7c9f39b41d414d86e64f7761cd545) Importer(815301076,1909f56bfc062723c751e8b465ee728b)
Start importing Assets/Project/External/Mirror/Examples/Room/Materials/Prize.mat using Guid(a1d7c9f39b41d414d86e64f7761cd545) Importer(815301076,1909f56bfc062723c751e8b465ee728b)  -> (artifact id: '34ac3c63c5fb14ddd498daa4428815b2') in 0.008947 seconds 
========================================================================
Received Import Request.
  Time since last request: 0.000363 seconds.
  path: Assets/Project/External/Gridbox Prototype Materials/Resources/Materials/Prototype Grid/Prototype_512x512_Grey3.mat
  artifactKey: Guid(17c44fb3e5be9644586a0728a5f5a386) Importer(815301076,1909f56bfc062723c751e8b465ee728b)
Start importing Assets/Project/External/Gridbox Prototype Materials/Resources/Materials/Prototype Grid/Prototype_512x512_Grey3.mat using Guid(17c44fb3e5be9644586a0728a5f5a386) Importer(815301076,1909f56bfc062723c751e8b465ee728b)  -> (artifact id: '29472bb0b24610a37b5f067a28ed5d2f') in 0.014127 seconds 
========================================================================
Received Import Request.
  Time since last request: 0.000451 seconds.
  path: Assets/Project/External/Gridbox Prototype Materials/Resources/Materials/Prototype Grid/Prototype_512x512_Grey4.mat
  artifactKey: Guid(8d530ffe6c4968843806085897955b9d) Importer(815301076,1909f56bfc062723c751e8b465ee728b)
Start importing Assets/Project/External/Gridbox Prototype Materials/Resources/Materials/Prototype Grid/Prototype_512x512_Grey4.mat using Guid(8d530ffe6c4968843806085897955b9d) Importer(815301076,1909f56bfc062723c751e8b465ee728b)  -> (artifact id: '870bd356254ec20cf709366693cc8fe3') in 0.014381 seconds 
========================================================================
Received Import Request.
  Time since last request: 0.000448 seconds.
  path: Assets/Project/External/Gridbox Prototype Materials/Resources/Materials/Prototype Grid/Prototype_512x512_Green1.mat
  artifactKey: Guid(79f64ed6f5d6d374d91c3a0af4070258) Importer(815301076,1909f56bfc062723c751e8b465ee728b)
Start importing Assets/Project/External/Gridbox Prototype Materials/Resources/Materials/Prototype Grid/Prototype_512x512_Green1.mat using Guid(79f64ed6f5d6d374d91c3a0af4070258) Importer(815301076,1909f56bfc062723c751e8b465ee728b)  -> (artifact id: '9ebe2670499f1589a4c3708cab3b8734') in 0.014237 seconds 
========================================================================
Received Import Request.
  Time since last request: 0.000401 seconds.
  path: Assets/Project/External/Gridbox Prototype Materials/Resources/Materials/Skybox/Skybox Night.mat
  artifactKey: Guid(e19adf50a9d4b374d99ba1eaa1497e60) Importer(815301076,1909f56bfc062723c751e8b465ee728b)
Start importing Assets/Project/External/Gridbox Prototype Materials/Resources/Materials/Skybox/Skybox Night.mat using Guid(e19adf50a9d4b374d99ba1eaa1497e60) Importer(815301076,1909f56bfc062723c751e8b465ee728b)  -> (artifact id: '7ab2afdfe53b2585d2a4ef8373fd2edc') in 0.013953 seconds 
========================================================================
Received Import Request.
  Time since last request: 0.000422 seconds.
  path: Assets/Project/External/Gridbox Prototype Materials/Resources/Materials/Prototype Grid/Prototype_512x512_Blue3.mat
  artifactKey: Guid(b0b4de3bd6e976e4f8b3adc6e72377ed) Importer(815301076,1909f56bfc062723c751e8b465ee728b)
Start importing Assets/Project/External/Gridbox Prototype Materials/Resources/Materials/Prototype Grid/Prototype_512x512_Blue3.mat using Guid(b0b4de3bd6e976e4f8b3adc6e72377ed) Importer(815301076,1909f56bfc062723c751e8b465ee728b)  -> (artifact id: '56da90e8c985d91a9a443e6d367256ce') in 0.014735 seconds 
========================================================================
Received Import Request.
  Time since last request: 0.000424 seconds.
  path: Assets/Project/External/Mirror/Examples/Benchmark/Materials/Red.mat
  artifactKey: Guid(451c5da2c5056496297cffba02216286) Importer(815301076,1909f56bfc062723c751e8b465ee728b)
Start importing Assets/Project/External/Mirror/Examples/Benchmark/Materials/Red.mat using Guid(451c5da2c5056496297cffba02216286) Importer(815301076,1909f56bfc062723c751e8b465ee728b)  -> (artifact id: '7b8796f7409803408db89cc275144ac9') in 0.014073 seconds 
========================================================================
Received Import Request.
  Time since last request: 0.000344 seconds.
  path: Assets/Project/External/Mirror/Examples/AdditiveScenes/Materials/Shelter.mat
  artifactKey: Guid(aef230244d219314fb8453f0365b8176) Importer(815301076,1909f56bfc062723c751e8b465ee728b)
Start importing Assets/Project/External/Mirror/Examples/AdditiveScenes/Materials/Shelter.mat using Guid(aef230244d219314fb8453f0365b8176) Importer(815301076,1909f56bfc062723c751e8b465ee728b)  -> (artifact id: '2121460481e03838cdee047106a62f1e') in 0.014227 seconds 
========================================================================
Received Import Request.
  Time since last request: 0.000364 seconds.
  path: Assets/Project/External/Gridbox Prototype Materials/Resources/Materials/Prototype Grid/Prototype_512x512_Cyan.mat
  artifactKey: Guid(cba66c276aed0874091de1c33eb3950d) Importer(815301076,1909f56bfc062723c751e8b465ee728b)
Start importing Assets/Project/External/Gridbox Prototype Materials/Resources/Materials/Prototype Grid/Prototype_512x512_Cyan.mat using Guid(cba66c276aed0874091de1c33eb3950d) Importer(815301076,1909f56bfc062723c751e8b465ee728b)  -> (artifact id: '248796b390323257afef9f5e45210986') in 0.014206 seconds 
========================================================================
Received Import Request.
  Time since last request: 0.000376 seconds.
  path: Assets/Project/External/Gridbox Prototype Materials/Resources/Materials/Skybox/Skybox Green.mat
  artifactKey: Guid(3f8d5e4fd826ec04293f64a40946a188) Importer(815301076,1909f56bfc062723c751e8b465ee728b)
Start importing Assets/Project/External/Gridbox Prototype Materials/Resources/Materials/Skybox/Skybox Green.mat using Guid(3f8d5e4fd826ec04293f64a40946a188) Importer(815301076,1909f56bfc062723c751e8b465ee728b)  -> (artifact id: '319fed9634a4bf5f2745152481c6ec57') in 0.016328 seconds 
========================================================================
Received Import Request.
  Time since last request: 0.000442 seconds.
  path: Assets/Project/External/Mirror/Examples/AdditiveScenes/Materials/Sphere.mat
  artifactKey: Guid(58936713efca1ec488624ee297b5d687) Importer(815301076,1909f56bfc062723c751e8b465ee728b)
Start importing Assets/Project/External/Mirror/Examples/AdditiveScenes/Materials/Sphere.mat using Guid(58936713efca1ec488624ee297b5d687) Importer(815301076,1909f56bfc062723c751e8b465ee728b)  -> (artifact id: '3460dbab60b3e7d69c1e42ab470c4fcc') in 0.013188 seconds 
========================================================================
Received Import Request.
  Time since last request: 0.000420 seconds.
  path: Assets/Project/External/Mirror/Examples/RigidbodyPhysics/Materials/Red.mat
  artifactKey: Guid(6ec777c59ba249a4aa16956e9dd9a0ee) Importer(815301076,1909f56bfc062723c751e8b465ee728b)
Start importing Assets/Project/External/Mirror/Examples/RigidbodyPhysics/Materials/Red.mat using Guid(6ec777c59ba249a4aa16956e9dd9a0ee) Importer(815301076,1909f56bfc062723c751e8b465ee728b)  -> (artifact id: '230cc130744c059871eba7ee570915b2') in 0.008062 seconds 
========================================================================
Received Import Request.
  Time since last request: 0.000345 seconds.
  path: Assets/Project/External/Gridbox Prototype Materials/Resources/Materials/Prototype Grid/Prototype_512x512_Green2.mat
  artifactKey: Guid(dbe80190c9adea34c8c8845ca4a17934) Importer(815301076,1909f56bfc062723c751e8b465ee728b)
Start importing Assets/Project/External/Gridbox Prototype Materials/Resources/Materials/Prototype Grid/Prototype_512x512_Green2.mat using Guid(dbe80190c9adea34c8c8845ca4a17934) Importer(815301076,1909f56bfc062723c751e8b465ee728b)  -> (artifact id: 'ed564b2de8ef8cbd3c55ecc25db38db6') in 0.014923 seconds 
========================================================================
Received Import Request.
  Time since last request: 0.000330 seconds.
  path: Assets/Project/External/Gridbox Prototype Materials/Resources/Materials/Skybox/Skybox Blue.mat
  artifactKey: Guid(d2f24bfdb0a758e41813bbc7ae4f978f) Importer(815301076,1909f56bfc062723c751e8b465ee728b)
Start importing Assets/Project/External/Gridbox Prototype Materials/Resources/Materials/Skybox/Skybox Blue.mat using Guid(d2f24bfdb0a758e41813bbc7ae4f978f) Importer(815301076,1909f56bfc062723c751e8b465ee728b)  -> (artifact id: '7918c02cd8334f2aadb2cceefd358cb7') in 0.023247 seconds 
========================================================================
Received Import Request.
  Time since last request: 0.000372 seconds.
  path: Assets/Project/External/Gridbox Prototype Materials/Resources/Materials/Prototype Grid/Prototype_512x512_Purple.mat
  artifactKey: Guid(36bce9ab6cae8ce43962938466458044) Importer(815301076,1909f56bfc062723c751e8b465ee728b)
Start importing Assets/Project/External/Gridbox Prototype Materials/Resources/Materials/Prototype Grid/Prototype_512x512_Purple.mat using Guid(36bce9ab6cae8ce43962938466458044) Importer(815301076,1909f56bfc062723c751e8b465ee728b)  -> (artifact id: '6de285cf0aca6c26c48ac2992d99fb9e') in 0.014339 seconds 
========================================================================
Received Import Request.
  Time since last request: 0.000384 seconds.
  path: Assets/Project/External/Gridbox Prototype Materials/Resources/Materials/Prototype Grid/Prototype_512x512_Grey1.mat
  artifactKey: Guid(c181c23a6120fbe4aadd5bb53a58dd78) Importer(815301076,1909f56bfc062723c751e8b465ee728b)
Start importing Assets/Project/External/Gridbox Prototype Materials/Resources/Materials/Prototype Grid/Prototype_512x512_Grey1.mat using Guid(c181c23a6120fbe4aadd5bb53a58dd78) Importer(815301076,1909f56bfc062723c751e8b465ee728b)  -> (artifact id: '64f50bf37450378e71fb7c3a98c713e3') in 0.014671 seconds 
========================================================================
Received Import Request.
  Time since last request: 0.000480 seconds.
  path: Assets/Project/External/Gridbox Prototype Materials/Resources/Materials/Prototype Grid/Prototype_512x512_Yellow.mat
  artifactKey: Guid(c852af001dae0064e9acaa832f1dadb7) Importer(815301076,1909f56bfc062723c751e8b465ee728b)
Start importing Assets/Project/External/Gridbox Prototype Materials/Resources/Materials/Prototype Grid/Prototype_512x512_Yellow.mat using Guid(c852af001dae0064e9acaa832f1dadb7) Importer(815301076,1909f56bfc062723c751e8b465ee728b)  -> (artifact id: 'ae86c1b50a9c4300807ccc95faff691f') in 0.013695 seconds 
========================================================================
Received Import Request.
  Time since last request: 0.000410 seconds.
  path: Assets/Project/External/Gridbox Prototype Materials/Resources/Materials/Prototype Grid/Prototype_512x512_Grey2.mat
  artifactKey: Guid(07dc66ae04b7f6a43b9674bf0fefb33a) Importer(815301076,1909f56bfc062723c751e8b465ee728b)
Start importing Assets/Project/External/Gridbox Prototype Materials/Resources/Materials/Prototype Grid/Prototype_512x512_Grey2.mat using Guid(07dc66ae04b7f6a43b9674bf0fefb33a) Importer(815301076,1909f56bfc062723c751e8b465ee728b)  -> (artifact id: 'cbc15dba844a12c5d5c6861b9d5b3e6b') in 0.014355 seconds 
========================================================================
Received Import Request.
  Time since last request: 0.000398 seconds.
  path: Assets/Project/External/Gridbox Prototype Materials/Resources/Materials/Prototype Grid/Prototype_512x512_Brown.mat
  artifactKey: Guid(a54b7ad866d3a9b47bbf3b53baa0acc4) Importer(815301076,1909f56bfc062723c751e8b465ee728b)
Start importing Assets/Project/External/Gridbox Prototype Materials/Resources/Materials/Prototype Grid/Prototype_512x512_Brown.mat using Guid(a54b7ad866d3a9b47bbf3b53baa0acc4) Importer(815301076,1909f56bfc062723c751e8b465ee728b)  -> (artifact id: '7fb9f2ae6c4dd3b414b43342a502eac3') in 0.014162 seconds 
========================================================================
Received Import Request.
  Time since last request: 0.000400 seconds.
  path: Assets/Project/External/Mirror/Examples/MultipleAdditiveScenes/Materials/Render/Player.mat
  artifactKey: Guid(2089070a3452e6f4d866c53e51aae8f2) Importer(815301076,1909f56bfc062723c751e8b465ee728b)
Start importing Assets/Project/External/Mirror/Examples/MultipleAdditiveScenes/Materials/Render/Player.mat using Guid(2089070a3452e6f4d866c53e51aae8f2) Importer(815301076,1909f56bfc062723c751e8b465ee728b)  -> (artifact id: '57e9c815f632c65a6b27a67c8aea1943') in 0.008680 seconds 
========================================================================
Received Import Request.
  Time since last request: 0.000368 seconds.
  path: Assets/Project/External/Gridbox Prototype Materials/Resources/Materials/Prototype Grid/Prototype_512x512_Orange.mat
  artifactKey: Guid(652107f36a28e44479c0b827dee5852a) Importer(815301076,1909f56bfc062723c751e8b465ee728b)
Start importing Assets/Project/External/Gridbox Prototype Materials/Resources/Materials/Prototype Grid/Prototype_512x512_Orange.mat using Guid(652107f36a28e44479c0b827dee5852a) Importer(815301076,1909f56bfc062723c751e8b465ee728b)  -> (artifact id: '748c6751caa5d24c0ab80ffc1ee94380') in 0.014011 seconds 
========================================================================
Received Import Request.
  Time since last request: 0.000400 seconds.
  path: Assets/Project/External/Mirror/Examples/Tanks/Textures/ProjectileMaterial.mat
  artifactKey: Guid(cba1b63a0bccc4b12ac25f05d0ae2dd1) Importer(815301076,1909f56bfc062723c751e8b465ee728b)
Start importing Assets/Project/External/Mirror/Examples/Tanks/Textures/ProjectileMaterial.mat using Guid(cba1b63a0bccc4b12ac25f05d0ae2dd1) Importer(815301076,1909f56bfc062723c751e8b465ee728b)  -> (artifact id: '6d835f4b78534213923b1ebf85519947') in 0.013509 seconds 
========================================================================
Received Import Request.
  Time since last request: 0.000406 seconds.
  path: Assets/Project/External/Gridbox Prototype Materials/Resources/Materials/Prototype Grid/Prototype_512x512_Blue2.mat
  artifactKey: Guid(5e148de6cdf2d164aa3e3f90ce8c852c) Importer(815301076,1909f56bfc062723c751e8b465ee728b)
Start importing Assets/Project/External/Gridbox Prototype Materials/Resources/Materials/Prototype Grid/Prototype_512x512_Blue2.mat using Guid(5e148de6cdf2d164aa3e3f90ce8c852c) Importer(815301076,1909f56bfc062723c751e8b465ee728b)  -> (artifact id: '4f4a31c9a777782876fdef6d90448536') in 0.014266 seconds 
========================================================================
Received Import Request.
  Time since last request: 15.306919 seconds.
  path: Assets/Project/External/Gridbox Prototype Materials/Resources/Materials/Skybox/Homogenous.mat
  artifactKey: Guid(69b7c4dc730691c4abb72e9a63ce23ff) Importer(815301076,1909f56bfc062723c751e8b465ee728b)
Start importing Assets/Project/External/Gridbox Prototype Materials/Resources/Materials/Skybox/Homogenous.mat using Guid(69b7c4dc730691c4abb72e9a63ce23ff) Importer(815301076,1909f56bfc062723c751e8b465ee728b)  -> (artifact id: 'd57937920308fd828b3a7961f34197d2') in 0.043115 seconds 
========================================================================
Received Import Request.
  Time since last request: 0.000408 seconds.
  path: Assets/Project/External/Mirror/Examples/MultipleAdditiveScenes/Models/Icosphere/Icosphere.obj
  artifactKey: Guid(1fe56a0e685b8434ebfeb53c69b59a5e) Importer(815301076,1909f56bfc062723c751e8b465ee728b)
Start importing Assets/Project/External/Mirror/Examples/MultipleAdditiveScenes/Models/Icosphere/Icosphere.obj using Guid(1fe56a0e685b8434ebfeb53c69b59a5e) Importer(815301076,1909f56bfc062723c751e8b465ee728b)  -> (artifact id: '6a58a178354bd40913a1b3d5eb5605d2') in 0.038452 seconds 
========================================================================
Received Import Request.
  Time since last request: 101.777455 seconds.
  path: Assets/Project/Runtime/Scripts
  artifactKey: Guid(e50f8a4dbd591ae4db4cb8e639316e60) Importer(815301076,1909f56bfc062723c751e8b465ee728b)
Start importing Assets/Project/Runtime/Scripts using Guid(e50f8a4dbd591ae4db4cb8e639316e60) Importer(815301076,1909f56bfc062723c751e8b465ee728b)  -> (artifact id: 'cfe31f27957b0979621f170efa2483a9') in 0.008847 seconds 
========================================================================
Received Prepare
Registering precompiled user dll's ...
Registered in 0.021580 seconds.
Begin MonoManager ReloadAssembly
Native extension for WindowsStandalone target not found
Refreshing native plugins compatible for Editor in 1.24 ms, found 1 plugins.
Preloading 0 native plugins for Editor in 0.00 ms.
Warning: Annotation not found!
UnityEngine.StackTraceUtility:ExtractStackTrace ()
UnityEditor.ProBuilder.EditorUtility:SetGizmoIconEnabled (System.Type,bool) (at Library/PackageCache/com.unity.probuilder@5.0.3/Editor/EditorCore/EditorUtility.cs:575)
UnityEditor.ProBuilder.HierarchyListener:.cctor () (at Library/PackageCache/com.unity.probuilder@5.0.3/Editor/EditorCore/HierarchyListener.cs:21)
System.Runtime.CompilerServices.RuntimeHelpers:RunClassConstructor (System.RuntimeTypeHandle)
UnityEditor.EditorAssemblies:ProcessInitializeOnLoadAttributes (System.Type[])

[Library/PackageCache/com.unity.probuilder@5.0.3/Editor/EditorCore/EditorUtility.cs line 575]

Mono: successfully reloaded assembly
- Completed reload, in  1.384 seconds
Platform modules already initialized, skipping
Shader 'Universal Render Pipeline/Particles/Lit': fallback shader 'Universal Render Pipeline/Particles/SimpleLit' not found
Shader 'Universal Render Pipeline/Particles/Lit': fallback shader 'Universal Render Pipeline/Particles/SimpleLit' not found
Refreshing native plugins compatible for Editor in 0.95 ms, found 1 plugins.
Preloading 0 native plugins for Editor in 0.00 ms.
Unloading 4439 Unused Serialized files (Serialized files now loaded: 0)
System memory in use before: 193.9 MB.
System memory in use after: 189.4 MB.

Unloading 74 unused Assets to reduce memory usage. Loaded Objects now: 5072.
Total: 6.454400 ms (FindLiveObjects: 0.507600 ms CreateObjectMapping: 0.450500 ms MarkObjects: 3.189200 ms  DeleteObjects: 2.305600 ms)

========================================================================
Received Import Request.
  Time since last request: 158.374739 seconds.
  path: Assets/Project/Runtime/Project.asmdef
  artifactKey: Guid(56a3f8df8112160449b13a03fb4a513e) Importer(815301076,1909f56bfc062723c751e8b465ee728b)
Start importing Assets/Project/Runtime/Project.asmdef using Guid(56a3f8df8112160449b13a03fb4a513e) Importer(815301076,1909f56bfc062723c751e8b465ee728b)  -> (artifact id: '76c9238399cc1bbfeeda802deb8cf4b4') in 0.013702 seconds 
========================================================================
Received Prepare
Registering precompiled user dll's ...
Registered in 0.005943 seconds.
Begin MonoManager ReloadAssembly
Native extension for WindowsStandalone target not found
Refreshing native plugins compatible for Editor in 0.99 ms, found 1 plugins.
Preloading 0 native plugins for Editor in 0.00 ms.
Warning: Annotation not found!
UnityEngine.StackTraceUtility:ExtractStackTrace ()
UnityEditor.ProBuilder.EditorUtility:SetGizmoIconEnabled (System.Type,bool) (at Library/PackageCache/com.unity.probuilder@5.0.3/Editor/EditorCore/EditorUtility.cs:575)
UnityEditor.ProBuilder.HierarchyListener:.cctor () (at Library/PackageCache/com.unity.probuilder@5.0.3/Editor/EditorCore/HierarchyListener.cs:21)
System.Runtime.CompilerServices.RuntimeHelpers:RunClassConstructor (System.RuntimeTypeHandle)
UnityEditor.EditorAssemblies:ProcessInitializeOnLoadAttributes (System.Type[])

[Library/PackageCache/com.unity.probuilder@5.0.3/Editor/EditorCore/EditorUtility.cs line 575]

Mono: successfully reloaded assembly
- Completed reload, in  1.357 seconds
Platform modules already initialized, skipping
Shader 'Universal Render Pipeline/Particles/Lit': fallback shader 'Universal Render Pipeline/Particles/SimpleLit' not found
Shader 'Universal Render Pipeline/Particles/Lit': fallback shader 'Universal Render Pipeline/Particles/SimpleLit' not found
Refreshing native plugins compatible for Editor in 0.97 ms, found 1 plugins.
Preloading 0 native plugins for Editor in 0.00 ms.
Unloading 4439 Unused Serialized files (Serialized files now loaded: 0)
System memory in use before: 194.5 MB.
System memory in use after: 190.0 MB.

Unloading 74 unused Assets to reduce memory usage. Loaded Objects now: 5075.
Total: 5.677900 ms (FindLiveObjects: 0.331900 ms CreateObjectMapping: 0.187400 ms MarkObjects: 2.866200 ms  DeleteObjects: 2.290900 ms)

========================================================================
Received Import Request.
  Time since last request: 42.488710 seconds.
  path: Assets/Project/External/3rdPerson+Fly
  artifactKey: Guid(34ea2f15a1ac05e4f91263d472ab74ea) Importer(815301076,1909f56bfc062723c751e8b465ee728b)
Start importing Assets/Project/External/3rdPerson+Fly using Guid(34ea2f15a1ac05e4f91263d472ab74ea) Importer(815301076,1909f56bfc062723c751e8b465ee728b)  -> (artifact id: '324e6007d93bef1151eefee2f01f5035') in 0.014431 seconds 
AssetImportWorkerClient::OnTransportError - code=2 error=End of file
